<?xml version="1.0" encoding="UTF-8"?>
<testsuite name="com.bank.promotion.CucumberTestRunner" tests="87" skipped="0" failures="49" errors="0" timestamp="2025-11-05T14:26:47" hostname="RexdeMacBook-Pro.local" time="4.777">
  <properties/>
  <testcase name="完整請求生命週期稽核記錄" classname="com.bank.promotion.CucumberTestRunner" time="3.037"/>
  <testcase name="稽核資料查詢和報告生成" classname="com.bank.promotion.CucumberTestRunner" time="0.027">
    <failure message="java.lang.NullPointerException: Cannot invoke &quot;Object.hashCode()&quot; because &quot;key&quot; is null" type="java.lang.NullPointerException">java.lang.NullPointerException: Cannot invoke &quot;Object.hashCode()&quot; because &quot;key&quot; is null
	at java.base/java.util.concurrent.ConcurrentHashMap.get(ConcurrentHashMap.java:936)
	at java.base/java.util.concurrent.ConcurrentHashMap.getOrDefault(ConcurrentHashMap.java:1594)
	at com.bank.promotion.bdd.audit.TestAuditTracker.getSystemEvents(TestAuditTracker.java:95)
	at com.bank.promotion.bdd.steps.AuditComplianceSteps.報告生成過程本身也應該被稽核記錄(AuditComplianceSteps.java:380)
	at ✽.報告生成過程本身也應該被稽核記錄(classpath:features/audit-compliance.feature:48)
</failure>
  </testcase>
  <testcase name="合規性檢查和驗證" classname="com.bank.promotion.CucumberTestRunner" time="0.03">
    <failure message="io.cucumber.junit.platform.engine.UndefinedStepException: The step '系統需要進行季度合規性檢查' and 14 other step(s) are undefined.&#10;You can implement these steps using the snippet(s) below:&#10;&#10;@假設(&quot;系統需要進行季度合規性檢查&quot;)&#10;public void 系統需要進行季度合規性檢查() {&#10;    // Write code here that turns the phrase above into concrete actions&#10;    throw new io.cucumber.java.PendingException();&#10;}&#10;@假設(&quot;檢查範圍涵蓋過去3個月的所有交易&quot;)&#10;public void 檢查範圍涵蓋過去3個月的所有交易() {&#10;    // Write code here that turns the phrase above into concrete actions&#10;    throw new io.cucumber.java.PendingException();&#10;}&#10;@假設(&quot;合規檢查規則包含資料完整性、處理一致性和時效性要求&quot;)&#10;public void 合規檢查規則包含資料完整性_處理一致性和時效性要求() {&#10;    // Write code here that turns the phrase above into concrete actions&#10;    throw new io.cucumber.java.PendingException();&#10;}&#10;@當(&quot;合規系統啟動自動化合規檢查&quot;)&#10;public void 合規系統啟動自動化合規檢查() {&#10;    // Write code here that turns the phrase above into concrete actions&#10;    throw new io.cucumber.java.PendingException();&#10;}&#10;@當(&quot;系統檢查所有請求的稽核資料完整性&quot;)&#10;public void 系統檢查所有請求的稽核資料完整性() {&#10;    // Write code here that turns the phrase above into concrete actions&#10;    throw new io.cucumber.java.PendingException();&#10;}&#10;@當(&quot;系統驗證決策邏輯的一致性和合理性&quot;)&#10;public void 系統驗證決策邏輯的一致性和合理性() {&#10;    // Write code here that turns the phrase above into concrete actions&#10;    throw new io.cucumber.java.PendingException();&#10;}&#10;@當(&quot;系統檢查外部系統互動的合規性&quot;)&#10;public void 系統檢查外部系統互動的合規性() {&#10;    // Write code here that turns the phrase above into concrete actions&#10;    throw new io.cucumber.java.PendingException();&#10;}&#10;@當(&quot;系統驗證敏感資料的處理和保護措施&quot;)&#10;public void 系統驗證敏感資料的處理和保護措施() {&#10;    // Write code here that turns the phrase above into concrete actions&#10;    throw new io.cucumber.java.PendingException();&#10;}&#10;@當(&quot;系統檢查稽核資料的保留和歸檔狀況&quot;)&#10;public void 系統檢查稽核資料的保留和歸檔狀況() {&#10;    // Write code here that turns the phrase above into concrete actions&#10;    throw new io.cucumber.java.PendingException();&#10;}&#10;@那麼(&quot;合規檢查應該通過所有必要的驗證項目&quot;)&#10;public void 合規檢查應該通過所有必要的驗證項目() {&#10;    // Write code here that turns the phrase above into concrete actions&#10;    throw new io.cucumber.java.PendingException();&#10;}&#10;@那麼(&quot;系統應該生成詳細的合規檢查報告&quot;)&#10;public void 系統應該生成詳細的合規檢查報告() {&#10;    // Write code here that turns the phrase above into concrete actions&#10;    throw new io.cucumber.java.PendingException();&#10;}&#10;@那麼(&quot;報告應該包含所有檢查項目的結果&quot;)&#10;public void 報告應該包含所有檢查項目的結果() {&#10;    // Write code here that turns the phrase above into concrete actions&#10;    throw new io.cucumber.java.PendingException();&#10;}&#10;@那麼(&quot;任何不合規項目都應該被明確標示&quot;)&#10;public void 任何不合規項目都應該被明確標示() {&#10;    // Write code here that turns the phrase above into concrete actions&#10;    throw new io.cucumber.java.PendingException();&#10;}&#10;@那麼(&quot;系統應該提供不合規項目的改善建議&quot;)&#10;public void 系統應該提供不合規項目的改善建議() {&#10;    // Write code here that turns the phrase above into concrete actions&#10;    throw new io.cucumber.java.PendingException();&#10;}&#10;@那麼(&quot;合規檢查過程應該被完整記錄和稽核&quot;)&#10;public void 合規檢查過程應該被完整記錄和稽核() {&#10;    // Write code here that turns the phrase above into concrete actions&#10;    throw new io.cucumber.java.PendingException();&#10;}&#10;" type="io.cucumber.junit.platform.engine.UndefinedStepException">io.cucumber.junit.platform.engine.UndefinedStepException: The step '系統需要進行季度合規性檢查' and 14 other step(s) are undefined.
You can implement these steps using the snippet(s) below:

@假設(&quot;系統需要進行季度合規性檢查&quot;)
public void 系統需要進行季度合規性檢查() {
    // Write code here that turns the phrase above into concrete actions
    throw new io.cucumber.java.PendingException();
}
@假設(&quot;檢查範圍涵蓋過去3個月的所有交易&quot;)
public void 檢查範圍涵蓋過去3個月的所有交易() {
    // Write code here that turns the phrase above into concrete actions
    throw new io.cucumber.java.PendingException();
}
@假設(&quot;合規檢查規則包含資料完整性、處理一致性和時效性要求&quot;)
public void 合規檢查規則包含資料完整性_處理一致性和時效性要求() {
    // Write code here that turns the phrase above into concrete actions
    throw new io.cucumber.java.PendingException();
}
@當(&quot;合規系統啟動自動化合規檢查&quot;)
public void 合規系統啟動自動化合規檢查() {
    // Write code here that turns the phrase above into concrete actions
    throw new io.cucumber.java.PendingException();
}
@當(&quot;系統檢查所有請求的稽核資料完整性&quot;)
public void 系統檢查所有請求的稽核資料完整性() {
    // Write code here that turns the phrase above into concrete actions
    throw new io.cucumber.java.PendingException();
}
@當(&quot;系統驗證決策邏輯的一致性和合理性&quot;)
public void 系統驗證決策邏輯的一致性和合理性() {
    // Write code here that turns the phrase above into concrete actions
    throw new io.cucumber.java.PendingException();
}
@當(&quot;系統檢查外部系統互動的合規性&quot;)
public void 系統檢查外部系統互動的合規性() {
    // Write code here that turns the phrase above into concrete actions
    throw new io.cucumber.java.PendingException();
}
@當(&quot;系統驗證敏感資料的處理和保護措施&quot;)
public void 系統驗證敏感資料的處理和保護措施() {
    // Write code here that turns the phrase above into concrete actions
    throw new io.cucumber.java.PendingException();
}
@當(&quot;系統檢查稽核資料的保留和歸檔狀況&quot;)
public void 系統檢查稽核資料的保留和歸檔狀況() {
    // Write code here that turns the phrase above into concrete actions
    throw new io.cucumber.java.PendingException();
}
@那麼(&quot;合規檢查應該通過所有必要的驗證項目&quot;)
public void 合規檢查應該通過所有必要的驗證項目() {
    // Write code here that turns the phrase above into concrete actions
    throw new io.cucumber.java.PendingException();
}
@那麼(&quot;系統應該生成詳細的合規檢查報告&quot;)
public void 系統應該生成詳細的合規檢查報告() {
    // Write code here that turns the phrase above into concrete actions
    throw new io.cucumber.java.PendingException();
}
@那麼(&quot;報告應該包含所有檢查項目的結果&quot;)
public void 報告應該包含所有檢查項目的結果() {
    // Write code here that turns the phrase above into concrete actions
    throw new io.cucumber.java.PendingException();
}
@那麼(&quot;任何不合規項目都應該被明確標示&quot;)
public void 任何不合規項目都應該被明確標示() {
    // Write code here that turns the phrase above into concrete actions
    throw new io.cucumber.java.PendingException();
}
@那麼(&quot;系統應該提供不合規項目的改善建議&quot;)
public void 系統應該提供不合規項目的改善建議() {
    // Write code here that turns the phrase above into concrete actions
    throw new io.cucumber.java.PendingException();
}
@那麼(&quot;合規檢查過程應該被完整記錄和稽核&quot;)
public void 合規檢查過程應該被完整記錄和稽核() {
    // Write code here that turns the phrase above into concrete actions
    throw new io.cucumber.java.PendingException();
}

	at app//io.cucumber.core.runtime.TestCaseResultObserver.assertTestCasePassed(TestCaseResultObserver.java:69)
	at app//io.cucumber.junit.platform.engine.TestCaseResultObserver.assertTestCasePassed(TestCaseResultObserver.java:22)
	at app//io.cucumber.junit.platform.engine.CucumberEngineExecutionContext.lambda$runTestCase$4(CucumberEngineExecutionContext.java:114)
	at app//io.cucumber.core.runtime.CucumberExecutionContext.lambda$runTestCase$5(CucumberExecutionContext.java:137)
	at app//io.cucumber.core.runtime.RethrowingThrowableCollector.executeAndThrow(RethrowingThrowableCollector.java:23)
	at app//io.cucumber.core.runtime.CucumberExecutionContext.runTestCase(CucumberExecutionContext.java:137)
	at app//io.cucumber.junit.platform.engine.CucumberEngineExecutionContext.runTestCase(CucumberEngineExecutionContext.java:109)
	at app//io.cucumber.junit.platform.engine.NodeDescriptor$PickleDescriptor.execute(NodeDescriptor.java:168)
	at app//io.cucumber.junit.platform.engine.NodeDescriptor$PickleDescriptor.execute(NodeDescriptor.java:90)
	at java.base@17.0.9/java.util.ArrayList.forEach(ArrayList.java:1511)
	at java.base@17.0.9/java.util.ArrayList.forEach(ArrayList.java:1511)
</failure>
  </testcase>
  <testcase name="資料保留和清理管理" classname="com.bank.promotion.CucumberTestRunner" time="0.013">
    <failure message="io.cucumber.junit.platform.engine.UndefinedStepException: The step '系統中存在超過7年的歷史稽核資料' and 15 other step(s) are undefined.&#10;You can implement these steps using the snippet(s) below:&#10;&#10;@假設(&quot;系統中存在超過7年的歷史稽核資料&quot;)&#10;public void 系統中存在超過7年的歷史稽核資料() {&#10;    // Write code here that turns the phrase above into concrete actions&#10;    throw new io.cucumber.java.PendingException();&#10;}&#10;@假設(&quot;資料保留政策要求保留7年後進行歸檔&quot;)&#10;public void 資料保留政策要求保留7年後進行歸檔() {&#10;    // Write code here that turns the phrase above into concrete actions&#10;    throw new io.cucumber.java.PendingException();&#10;}&#10;@假設(&quot;歷史資料總量達到100GB&quot;)&#10;public void 歷史資料總量達到100gb() {&#10;    // Write code here that turns the phrase above into concrete actions&#10;    throw new io.cucumber.java.PendingException();&#10;}&#10;@當(&quot;系統執行定期資料保留檢查&quot;)&#10;public void 系統執行定期資料保留檢查() {&#10;    // Write code here that turns the phrase above into concrete actions&#10;    throw new io.cucumber.java.PendingException();&#10;}&#10;@當(&quot;系統識別需要歸檔的過期資料&quot;)&#10;public void 系統識別需要歸檔的過期資料() {&#10;    // Write code here that turns the phrase above into concrete actions&#10;    throw new io.cucumber.java.PendingException();&#10;}&#10;@當(&quot;系統驗證歷史資料的完整性和可讀性&quot;)&#10;public void 系統驗證歷史資料的完整性和可讀性() {&#10;    // Write code here that turns the phrase above into concrete actions&#10;    throw new io.cucumber.java.PendingException();&#10;}&#10;@當(&quot;系統執行資料歸檔到長期儲存系統&quot;)&#10;public void 系統執行資料歸檔到長期儲存系統() {&#10;    // Write code here that turns the phrase above into concrete actions&#10;    throw new io.cucumber.java.PendingException();&#10;}&#10;@當(&quot;系統驗證歸檔資料的完整性&quot;)&#10;public void 系統驗證歸檔資料的完整性() {&#10;    // Write code here that turns the phrase above into concrete actions&#10;    throw new io.cucumber.java.PendingException();&#10;}&#10;@當(&quot;系統從主要資料庫中清理已歸檔的資料&quot;)&#10;public void 系統從主要資料庫中清理已歸檔的資料() {&#10;    // Write code here that turns the phrase above into concrete actions&#10;    throw new io.cucumber.java.PendingException();&#10;}&#10;@當(&quot;系統更新資料保留記錄和索引&quot;)&#10;public void 系統更新資料保留記錄和索引() {&#10;    // Write code here that turns the phrase above into concrete actions&#10;    throw new io.cucumber.java.PendingException();&#10;}&#10;@那麼(&quot;過期資料應該成功歸檔到長期儲存&quot;)&#10;public void 過期資料應該成功歸檔到長期儲存() {&#10;    // Write code here that turns the phrase above into concrete actions&#10;    throw new io.cucumber.java.PendingException();&#10;}&#10;@那麼(&quot;主要資料庫中的資料應該被安全清理&quot;)&#10;public void 主要資料庫中的資料應該被安全清理() {&#10;    // Write code here that turns the phrase above into concrete actions&#10;    throw new io.cucumber.java.PendingException();&#10;}&#10;@那麼(&quot;歸檔資料應該保持可查詢和可恢復&quot;)&#10;public void 歸檔資料應該保持可查詢和可恢復() {&#10;    // Write code here that turns the phrase above into concrete actions&#10;    throw new io.cucumber.java.PendingException();&#10;}&#10;@那麼(&quot;資料歸檔過程應該被完整記錄&quot;)&#10;public void 資料歸檔過程應該被完整記錄() {&#10;    // Write code here that turns the phrase above into concrete actions&#10;    throw new io.cucumber.java.PendingException();&#10;}&#10;@那麼(&quot;系統應該維護歸檔資料的索引和目錄&quot;)&#10;public void 系統應該維護歸檔資料的索引和目錄() {&#10;    // Write code here that turns the phrase above into concrete actions&#10;    throw new io.cucumber.java.PendingException();&#10;}&#10;@那麼(&quot;資料清理操作應該符合法規要求&quot;)&#10;public void 資料清理操作應該符合法規要求() {&#10;    // Write code here that turns the phrase above into concrete actions&#10;    throw new io.cucumber.java.PendingException();&#10;}&#10;" type="io.cucumber.junit.platform.engine.UndefinedStepException">io.cucumber.junit.platform.engine.UndefinedStepException: The step '系統中存在超過7年的歷史稽核資料' and 15 other step(s) are undefined.
You can implement these steps using the snippet(s) below:

@假設(&quot;系統中存在超過7年的歷史稽核資料&quot;)
public void 系統中存在超過7年的歷史稽核資料() {
    // Write code here that turns the phrase above into concrete actions
    throw new io.cucumber.java.PendingException();
}
@假設(&quot;資料保留政策要求保留7年後進行歸檔&quot;)
public void 資料保留政策要求保留7年後進行歸檔() {
    // Write code here that turns the phrase above into concrete actions
    throw new io.cucumber.java.PendingException();
}
@假設(&quot;歷史資料總量達到100GB&quot;)
public void 歷史資料總量達到100gb() {
    // Write code here that turns the phrase above into concrete actions
    throw new io.cucumber.java.PendingException();
}
@當(&quot;系統執行定期資料保留檢查&quot;)
public void 系統執行定期資料保留檢查() {
    // Write code here that turns the phrase above into concrete actions
    throw new io.cucumber.java.PendingException();
}
@當(&quot;系統識別需要歸檔的過期資料&quot;)
public void 系統識別需要歸檔的過期資料() {
    // Write code here that turns the phrase above into concrete actions
    throw new io.cucumber.java.PendingException();
}
@當(&quot;系統驗證歷史資料的完整性和可讀性&quot;)
public void 系統驗證歷史資料的完整性和可讀性() {
    // Write code here that turns the phrase above into concrete actions
    throw new io.cucumber.java.PendingException();
}
@當(&quot;系統執行資料歸檔到長期儲存系統&quot;)
public void 系統執行資料歸檔到長期儲存系統() {
    // Write code here that turns the phrase above into concrete actions
    throw new io.cucumber.java.PendingException();
}
@當(&quot;系統驗證歸檔資料的完整性&quot;)
public void 系統驗證歸檔資料的完整性() {
    // Write code here that turns the phrase above into concrete actions
    throw new io.cucumber.java.PendingException();
}
@當(&quot;系統從主要資料庫中清理已歸檔的資料&quot;)
public void 系統從主要資料庫中清理已歸檔的資料() {
    // Write code here that turns the phrase above into concrete actions
    throw new io.cucumber.java.PendingException();
}
@當(&quot;系統更新資料保留記錄和索引&quot;)
public void 系統更新資料保留記錄和索引() {
    // Write code here that turns the phrase above into concrete actions
    throw new io.cucumber.java.PendingException();
}
@那麼(&quot;過期資料應該成功歸檔到長期儲存&quot;)
public void 過期資料應該成功歸檔到長期儲存() {
    // Write code here that turns the phrase above into concrete actions
    throw new io.cucumber.java.PendingException();
}
@那麼(&quot;主要資料庫中的資料應該被安全清理&quot;)
public void 主要資料庫中的資料應該被安全清理() {
    // Write code here that turns the phrase above into concrete actions
    throw new io.cucumber.java.PendingException();
}
@那麼(&quot;歸檔資料應該保持可查詢和可恢復&quot;)
public void 歸檔資料應該保持可查詢和可恢復() {
    // Write code here that turns the phrase above into concrete actions
    throw new io.cucumber.java.PendingException();
}
@那麼(&quot;資料歸檔過程應該被完整記錄&quot;)
public void 資料歸檔過程應該被完整記錄() {
    // Write code here that turns the phrase above into concrete actions
    throw new io.cucumber.java.PendingException();
}
@那麼(&quot;系統應該維護歸檔資料的索引和目錄&quot;)
public void 系統應該維護歸檔資料的索引和目錄() {
    // Write code here that turns the phrase above into concrete actions
    throw new io.cucumber.java.PendingException();
}
@那麼(&quot;資料清理操作應該符合法規要求&quot;)
public void 資料清理操作應該符合法規要求() {
    // Write code here that turns the phrase above into concrete actions
    throw new io.cucumber.java.PendingException();
}

	at app//io.cucumber.core.runtime.TestCaseResultObserver.assertTestCasePassed(TestCaseResultObserver.java:69)
	at app//io.cucumber.junit.platform.engine.TestCaseResultObserver.assertTestCasePassed(TestCaseResultObserver.java:22)
	at app//io.cucumber.junit.platform.engine.CucumberEngineExecutionContext.lambda$runTestCase$4(CucumberEngineExecutionContext.java:114)
	at app//io.cucumber.core.runtime.CucumberExecutionContext.lambda$runTestCase$5(CucumberExecutionContext.java:137)
	at app//io.cucumber.core.runtime.RethrowingThrowableCollector.executeAndThrow(RethrowingThrowableCollector.java:23)
	at app//io.cucumber.core.runtime.CucumberExecutionContext.runTestCase(CucumberExecutionContext.java:137)
	at app//io.cucumber.junit.platform.engine.CucumberEngineExecutionContext.runTestCase(CucumberEngineExecutionContext.java:109)
	at app//io.cucumber.junit.platform.engine.NodeDescriptor$PickleDescriptor.execute(NodeDescriptor.java:168)
	at app//io.cucumber.junit.platform.engine.NodeDescriptor$PickleDescriptor.execute(NodeDescriptor.java:90)
	at java.base@17.0.9/java.util.ArrayList.forEach(ArrayList.java:1511)
	at java.base@17.0.9/java.util.ArrayList.forEach(ArrayList.java:1511)
</failure>
  </testcase>
  <testcase name="異常交易模式檢測和報告" classname="com.bank.promotion.CucumberTestRunner" time="0.014">
    <failure message="io.cucumber.junit.platform.engine.UndefinedStepException: The step '系統檢測到某個決策樹的執行結果出現異常模式' and 14 other step(s) are undefined.&#10;You can implement these steps using the snippet(s) below:&#10;&#10;@假設(&quot;系統檢測到某個決策樹的執行結果出現異常模式&quot;)&#10;public void 系統檢測到某個決策樹的執行結果出現異常模式() {&#10;    // Write code here that turns the phrase above into concrete actions&#10;    throw new io.cucumber.java.PendingException();&#10;}&#10;@假設(&quot;{string} 決策樹的拒絕率在24小時內從5%上升到25%&quot;)&#10;public void 決策樹的拒絕率在24小時內從5_上升到25(String string) {&#10;    // Write code here that turns the phrase above into concrete actions&#10;    throw new io.cucumber.java.PendingException();&#10;}&#10;@假設(&quot;異常檢測系統觸發警報&quot;)&#10;public void 異常檢測系統觸發警報() {&#10;    // Write code here that turns the phrase above into concrete actions&#10;    throw new io.cucumber.java.PendingException();&#10;}&#10;@當(&quot;合規系統啟動異常模式分析&quot;)&#10;public void 合規系統啟動異常模式分析() {&#10;    // Write code here that turns the phrase above into concrete actions&#10;    throw new io.cucumber.java.PendingException();&#10;}&#10;@當(&quot;系統分析相關的稽核資料和決策軌跡&quot;)&#10;public void 系統分析相關的稽核資料和決策軌跡() {&#10;    // Write code here that turns the phrase above into concrete actions&#10;    throw new io.cucumber.java.PendingException();&#10;}&#10;@當(&quot;系統識別可能導致異常的原因&quot;)&#10;public void 系統識別可能導致異常的原因() {&#10;    // Write code here that turns the phrase above into concrete actions&#10;    throw new io.cucumber.java.PendingException();&#10;}&#10;@當(&quot;系統檢查是否存在配置變更或系統異常&quot;)&#10;public void 系統檢查是否存在配置變更或系統異常() {&#10;    // Write code here that turns the phrase above into concrete actions&#10;    throw new io.cucumber.java.PendingException();&#10;}&#10;@當(&quot;系統生成異常模式分析報告&quot;)&#10;public void 系統生成異常模式分析報告() {&#10;    // Write code here that turns the phrase above into concrete actions&#10;    throw new io.cucumber.java.PendingException();&#10;}&#10;@當(&quot;系統通知相關的管理人員和合規人員&quot;)&#10;public void 系統通知相關的管理人員和合規人員() {&#10;    // Write code here that turns the phrase above into concrete actions&#10;    throw new io.cucumber.java.PendingException();&#10;}&#10;@那麼(&quot;異常分析報告應該包含詳細的統計資料&quot;)&#10;public void 異常分析報告應該包含詳細的統計資料() {&#10;    // Write code here that turns the phrase above into concrete actions&#10;    throw new io.cucumber.java.PendingException();&#10;}&#10;@那麼(&quot;報告應該識別異常模式的可能原因&quot;)&#10;public void 報告應該識別異常模式的可能原因() {&#10;    // Write code here that turns the phrase above into concrete actions&#10;    throw new io.cucumber.java.PendingException();&#10;}&#10;@那麼(&quot;報告應該包含相關的稽核軌跡和證據&quot;)&#10;public void 報告應該包含相關的稽核軌跡和證據() {&#10;    // Write code here that turns the phrase above into concrete actions&#10;    throw new io.cucumber.java.PendingException();&#10;}&#10;@那麼(&quot;報告應該提供調查和改善建議&quot;)&#10;public void 報告應該提供調查和改善建議() {&#10;    // Write code here that turns the phrase above into concrete actions&#10;    throw new io.cucumber.java.PendingException();&#10;}&#10;@那麼(&quot;異常檢測和分析過程應該被記錄&quot;)&#10;public void 異常檢測和分析過程應該被記錄() {&#10;    // Write code here that turns the phrase above into concrete actions&#10;    throw new io.cucumber.java.PendingException();&#10;}&#10;@那麼(&quot;系統應該持續監控後續的處理模式&quot;)&#10;public void 系統應該持續監控後續的處理模式() {&#10;    // Write code here that turns the phrase above into concrete actions&#10;    throw new io.cucumber.java.PendingException();&#10;}&#10;" type="io.cucumber.junit.platform.engine.UndefinedStepException">io.cucumber.junit.platform.engine.UndefinedStepException: The step '系統檢測到某個決策樹的執行結果出現異常模式' and 14 other step(s) are undefined.
You can implement these steps using the snippet(s) below:

@假設(&quot;系統檢測到某個決策樹的執行結果出現異常模式&quot;)
public void 系統檢測到某個決策樹的執行結果出現異常模式() {
    // Write code here that turns the phrase above into concrete actions
    throw new io.cucumber.java.PendingException();
}
@假設(&quot;{string} 決策樹的拒絕率在24小時內從5%上升到25%&quot;)
public void 決策樹的拒絕率在24小時內從5_上升到25(String string) {
    // Write code here that turns the phrase above into concrete actions
    throw new io.cucumber.java.PendingException();
}
@假設(&quot;異常檢測系統觸發警報&quot;)
public void 異常檢測系統觸發警報() {
    // Write code here that turns the phrase above into concrete actions
    throw new io.cucumber.java.PendingException();
}
@當(&quot;合規系統啟動異常模式分析&quot;)
public void 合規系統啟動異常模式分析() {
    // Write code here that turns the phrase above into concrete actions
    throw new io.cucumber.java.PendingException();
}
@當(&quot;系統分析相關的稽核資料和決策軌跡&quot;)
public void 系統分析相關的稽核資料和決策軌跡() {
    // Write code here that turns the phrase above into concrete actions
    throw new io.cucumber.java.PendingException();
}
@當(&quot;系統識別可能導致異常的原因&quot;)
public void 系統識別可能導致異常的原因() {
    // Write code here that turns the phrase above into concrete actions
    throw new io.cucumber.java.PendingException();
}
@當(&quot;系統檢查是否存在配置變更或系統異常&quot;)
public void 系統檢查是否存在配置變更或系統異常() {
    // Write code here that turns the phrase above into concrete actions
    throw new io.cucumber.java.PendingException();
}
@當(&quot;系統生成異常模式分析報告&quot;)
public void 系統生成異常模式分析報告() {
    // Write code here that turns the phrase above into concrete actions
    throw new io.cucumber.java.PendingException();
}
@當(&quot;系統通知相關的管理人員和合規人員&quot;)
public void 系統通知相關的管理人員和合規人員() {
    // Write code here that turns the phrase above into concrete actions
    throw new io.cucumber.java.PendingException();
}
@那麼(&quot;異常分析報告應該包含詳細的統計資料&quot;)
public void 異常分析報告應該包含詳細的統計資料() {
    // Write code here that turns the phrase above into concrete actions
    throw new io.cucumber.java.PendingException();
}
@那麼(&quot;報告應該識別異常模式的可能原因&quot;)
public void 報告應該識別異常模式的可能原因() {
    // Write code here that turns the phrase above into concrete actions
    throw new io.cucumber.java.PendingException();
}
@那麼(&quot;報告應該包含相關的稽核軌跡和證據&quot;)
public void 報告應該包含相關的稽核軌跡和證據() {
    // Write code here that turns the phrase above into concrete actions
    throw new io.cucumber.java.PendingException();
}
@那麼(&quot;報告應該提供調查和改善建議&quot;)
public void 報告應該提供調查和改善建議() {
    // Write code here that turns the phrase above into concrete actions
    throw new io.cucumber.java.PendingException();
}
@那麼(&quot;異常檢測和分析過程應該被記錄&quot;)
public void 異常檢測和分析過程應該被記錄() {
    // Write code here that turns the phrase above into concrete actions
    throw new io.cucumber.java.PendingException();
}
@那麼(&quot;系統應該持續監控後續的處理模式&quot;)
public void 系統應該持續監控後續的處理模式() {
    // Write code here that turns the phrase above into concrete actions
    throw new io.cucumber.java.PendingException();
}

	at app//io.cucumber.core.runtime.TestCaseResultObserver.assertTestCasePassed(TestCaseResultObserver.java:69)
	at app//io.cucumber.junit.platform.engine.TestCaseResultObserver.assertTestCasePassed(TestCaseResultObserver.java:22)
	at app//io.cucumber.junit.platform.engine.CucumberEngineExecutionContext.lambda$runTestCase$4(CucumberEngineExecutionContext.java:114)
	at app//io.cucumber.core.runtime.CucumberExecutionContext.lambda$runTestCase$5(CucumberExecutionContext.java:137)
	at app//io.cucumber.core.runtime.RethrowingThrowableCollector.executeAndThrow(RethrowingThrowableCollector.java:23)
	at app//io.cucumber.core.runtime.CucumberExecutionContext.runTestCase(CucumberExecutionContext.java:137)
	at app//io.cucumber.junit.platform.engine.CucumberEngineExecutionContext.runTestCase(CucumberEngineExecutionContext.java:109)
	at app//io.cucumber.junit.platform.engine.NodeDescriptor$PickleDescriptor.execute(NodeDescriptor.java:168)
	at app//io.cucumber.junit.platform.engine.NodeDescriptor$PickleDescriptor.execute(NodeDescriptor.java:90)
	at java.base@17.0.9/java.util.ArrayList.forEach(ArrayList.java:1511)
	at java.base@17.0.9/java.util.ArrayList.forEach(ArrayList.java:1511)
</failure>
  </testcase>
  <testcase name="稽核資料完整性和不可篡改性驗證" classname="com.bank.promotion.CucumberTestRunner" time="0.012">
    <failure message="io.cucumber.junit.platform.engine.UndefinedStepException: The step '系統需要驗證稽核資料的完整性和真實性' and 14 other step(s) are undefined.&#10;You can implement these steps using the snippet(s) below:&#10;&#10;@假設(&quot;系統需要驗證稽核資料的完整性和真實性&quot;)&#10;public void 系統需要驗證稽核資料的完整性和真實性() {&#10;    // Write code here that turns the phrase above into concrete actions&#10;    throw new io.cucumber.java.PendingException();&#10;}&#10;@假設(&quot;稽核資料使用數位簽章和雜湊值保護&quot;)&#10;public void 稽核資料使用數位簽章和雜湊值保護() {&#10;    // Write code here that turns the phrase above into concrete actions&#10;    throw new io.cucumber.java.PendingException();&#10;}&#10;@假設(&quot;需要驗證過去6個月的所有稽核記錄&quot;)&#10;public void 需要驗證過去6個月的所有稽核記錄() {&#10;    // Write code here that turns the phrase above into concrete actions&#10;    throw new io.cucumber.java.PendingException();&#10;}&#10;@當(&quot;合規系統執行資料完整性驗證&quot;)&#10;public void 合規系統執行資料完整性驗證() {&#10;    // Write code here that turns the phrase above into concrete actions&#10;    throw new io.cucumber.java.PendingException();&#10;}&#10;@當(&quot;系統檢查每筆稽核記錄的數位簽章&quot;)&#10;public void 系統檢查每筆稽核記錄的數位簽章() {&#10;    // Write code here that turns the phrase above into concrete actions&#10;    throw new io.cucumber.java.PendingException();&#10;}&#10;@當(&quot;系統驗證稽核資料的雜湊值完整性&quot;)&#10;public void 系統驗證稽核資料的雜湊值完整性() {&#10;    // Write code here that turns the phrase above into concrete actions&#10;    throw new io.cucumber.java.PendingException();&#10;}&#10;@當(&quot;系統檢查稽核記錄的時間戳順序性&quot;)&#10;public void 系統檢查稽核記錄的時間戳順序性() {&#10;    // Write code here that turns the phrase above into concrete actions&#10;    throw new io.cucumber.java.PendingException();&#10;}&#10;@當(&quot;系統驗證稽核資料鏈的連續性&quot;)&#10;public void 系統驗證稽核資料鏈的連續性() {&#10;    // Write code here that turns the phrase above into concrete actions&#10;    throw new io.cucumber.java.PendingException();&#10;}&#10;@當(&quot;系統檢查是否存在未授權的修改或刪除&quot;)&#10;public void 系統檢查是否存在未授權的修改或刪除() {&#10;    // Write code here that turns the phrase above into concrete actions&#10;    throw new io.cucumber.java.PendingException();&#10;}&#10;@那麼(&quot;所有稽核記錄的數位簽章應該有效&quot;)&#10;public void 所有稽核記錄的數位簽章應該有效() {&#10;    // Write code here that turns the phrase above into concrete actions&#10;    throw new io.cucumber.java.PendingException();&#10;}&#10;@那麼(&quot;稽核資料的雜湊值應該完全匹配&quot;)&#10;public void 稽核資料的雜湊值應該完全匹配() {&#10;    // Write code here that turns the phrase above into concrete actions&#10;    throw new io.cucumber.java.PendingException();&#10;}&#10;@那麼(&quot;稽核記錄的時間順序應該合理一致&quot;)&#10;public void 稽核記錄的時間順序應該合理一致() {&#10;    // Write code here that turns the phrase above into concrete actions&#10;    throw new io.cucumber.java.PendingException();&#10;}&#10;@那麼(&quot;稽核資料鏈應該完整無缺&quot;)&#10;public void 稽核資料鏈應該完整無缺() {&#10;    // Write code here that turns the phrase above into concrete actions&#10;    throw new io.cucumber.java.PendingException();&#10;}&#10;@那麼(&quot;不應該發現任何未授權的資料變更&quot;)&#10;public void 不應該發現任何未授權的資料變更() {&#10;    // Write code here that turns the phrase above into concrete actions&#10;    throw new io.cucumber.java.PendingException();&#10;}&#10;@那麼(&quot;完整性驗證過程應該被記錄和報告&quot;)&#10;public void 完整性驗證過程應該被記錄和報告() {&#10;    // Write code here that turns the phrase above into concrete actions&#10;    throw new io.cucumber.java.PendingException();&#10;}&#10;" type="io.cucumber.junit.platform.engine.UndefinedStepException">io.cucumber.junit.platform.engine.UndefinedStepException: The step '系統需要驗證稽核資料的完整性和真實性' and 14 other step(s) are undefined.
You can implement these steps using the snippet(s) below:

@假設(&quot;系統需要驗證稽核資料的完整性和真實性&quot;)
public void 系統需要驗證稽核資料的完整性和真實性() {
    // Write code here that turns the phrase above into concrete actions
    throw new io.cucumber.java.PendingException();
}
@假設(&quot;稽核資料使用數位簽章和雜湊值保護&quot;)
public void 稽核資料使用數位簽章和雜湊值保護() {
    // Write code here that turns the phrase above into concrete actions
    throw new io.cucumber.java.PendingException();
}
@假設(&quot;需要驗證過去6個月的所有稽核記錄&quot;)
public void 需要驗證過去6個月的所有稽核記錄() {
    // Write code here that turns the phrase above into concrete actions
    throw new io.cucumber.java.PendingException();
}
@當(&quot;合規系統執行資料完整性驗證&quot;)
public void 合規系統執行資料完整性驗證() {
    // Write code here that turns the phrase above into concrete actions
    throw new io.cucumber.java.PendingException();
}
@當(&quot;系統檢查每筆稽核記錄的數位簽章&quot;)
public void 系統檢查每筆稽核記錄的數位簽章() {
    // Write code here that turns the phrase above into concrete actions
    throw new io.cucumber.java.PendingException();
}
@當(&quot;系統驗證稽核資料的雜湊值完整性&quot;)
public void 系統驗證稽核資料的雜湊值完整性() {
    // Write code here that turns the phrase above into concrete actions
    throw new io.cucumber.java.PendingException();
}
@當(&quot;系統檢查稽核記錄的時間戳順序性&quot;)
public void 系統檢查稽核記錄的時間戳順序性() {
    // Write code here that turns the phrase above into concrete actions
    throw new io.cucumber.java.PendingException();
}
@當(&quot;系統驗證稽核資料鏈的連續性&quot;)
public void 系統驗證稽核資料鏈的連續性() {
    // Write code here that turns the phrase above into concrete actions
    throw new io.cucumber.java.PendingException();
}
@當(&quot;系統檢查是否存在未授權的修改或刪除&quot;)
public void 系統檢查是否存在未授權的修改或刪除() {
    // Write code here that turns the phrase above into concrete actions
    throw new io.cucumber.java.PendingException();
}
@那麼(&quot;所有稽核記錄的數位簽章應該有效&quot;)
public void 所有稽核記錄的數位簽章應該有效() {
    // Write code here that turns the phrase above into concrete actions
    throw new io.cucumber.java.PendingException();
}
@那麼(&quot;稽核資料的雜湊值應該完全匹配&quot;)
public void 稽核資料的雜湊值應該完全匹配() {
    // Write code here that turns the phrase above into concrete actions
    throw new io.cucumber.java.PendingException();
}
@那麼(&quot;稽核記錄的時間順序應該合理一致&quot;)
public void 稽核記錄的時間順序應該合理一致() {
    // Write code here that turns the phrase above into concrete actions
    throw new io.cucumber.java.PendingException();
}
@那麼(&quot;稽核資料鏈應該完整無缺&quot;)
public void 稽核資料鏈應該完整無缺() {
    // Write code here that turns the phrase above into concrete actions
    throw new io.cucumber.java.PendingException();
}
@那麼(&quot;不應該發現任何未授權的資料變更&quot;)
public void 不應該發現任何未授權的資料變更() {
    // Write code here that turns the phrase above into concrete actions
    throw new io.cucumber.java.PendingException();
}
@那麼(&quot;完整性驗證過程應該被記錄和報告&quot;)
public void 完整性驗證過程應該被記錄和報告() {
    // Write code here that turns the phrase above into concrete actions
    throw new io.cucumber.java.PendingException();
}

	at app//io.cucumber.core.runtime.TestCaseResultObserver.assertTestCasePassed(TestCaseResultObserver.java:69)
	at app//io.cucumber.junit.platform.engine.TestCaseResultObserver.assertTestCasePassed(TestCaseResultObserver.java:22)
	at app//io.cucumber.junit.platform.engine.CucumberEngineExecutionContext.lambda$runTestCase$4(CucumberEngineExecutionContext.java:114)
	at app//io.cucumber.core.runtime.CucumberExecutionContext.lambda$runTestCase$5(CucumberExecutionContext.java:137)
	at app//io.cucumber.core.runtime.RethrowingThrowableCollector.executeAndThrow(RethrowingThrowableCollector.java:23)
	at app//io.cucumber.core.runtime.CucumberExecutionContext.runTestCase(CucumberExecutionContext.java:137)
	at app//io.cucumber.junit.platform.engine.CucumberEngineExecutionContext.runTestCase(CucumberEngineExecutionContext.java:109)
	at app//io.cucumber.junit.platform.engine.NodeDescriptor$PickleDescriptor.execute(NodeDescriptor.java:168)
	at app//io.cucumber.junit.platform.engine.NodeDescriptor$PickleDescriptor.execute(NodeDescriptor.java:90)
	at java.base@17.0.9/java.util.ArrayList.forEach(ArrayList.java:1511)
	at java.base@17.0.9/java.util.ArrayList.forEach(ArrayList.java:1511)
</failure>
  </testcase>
  <testcase name="監管機構稽核支援和資料提供" classname="com.bank.promotion.CucumberTestRunner" time="0.012">
    <failure message="io.cucumber.junit.platform.engine.UndefinedStepException: The step '監管機構要求提供特定客戶的完整交易稽核資料' and 14 other step(s) are undefined.&#10;You can implement these steps using the snippet(s) below:&#10;&#10;@假設(&quot;監管機構要求提供特定客戶的完整交易稽核資料&quot;)&#10;public void 監管機構要求提供特定客戶的完整交易稽核資料() {&#10;    // Write code here that turns the phrase above into concrete actions&#10;    throw new io.cucumber.java.PendingException();&#10;}&#10;@假設(&quot;稽核範圍涵蓋客戶 {string} 過去12個月的所有交易&quot;)&#10;public void 稽核範圍涵蓋客戶_過去12個月的所有交易(String string) {&#10;    // Write code here that turns the phrase above into concrete actions&#10;    throw new io.cucumber.java.PendingException();&#10;}&#10;@假設(&quot;需要提供符合監管要求格式的稽核報告&quot;)&#10;public void 需要提供符合監管要求格式的稽核報告() {&#10;    // Write code here that turns the phrase above into concrete actions&#10;    throw new io.cucumber.java.PendingException();&#10;}&#10;@當(&quot;合規人員接收到監管機構的稽核要求&quot;)&#10;public void 合規人員接收到監管機構的稽核要求() {&#10;    // Write code here that turns the phrase above into concrete actions&#10;    throw new io.cucumber.java.PendingException();&#10;}&#10;@當(&quot;系統查詢指定客戶的所有相關稽核記錄&quot;)&#10;public void 系統查詢指定客戶的所有相關稽核記錄() {&#10;    // Write code here that turns the phrase above into concrete actions&#10;    throw new io.cucumber.java.PendingException();&#10;}&#10;@當(&quot;系統驗證稽核資料的完整性和準確性&quot;)&#10;public void 系統驗證稽核資料的完整性和準確性() {&#10;    // Write code here that turns the phrase above into concrete actions&#10;    throw new io.cucumber.java.PendingException();&#10;}&#10;@當(&quot;系統生成符合監管格式的稽核報告&quot;)&#10;public void 系統生成符合監管格式的稽核報告() {&#10;    // Write code here that turns the phrase above into concrete actions&#10;    throw new io.cucumber.java.PendingException();&#10;}&#10;@當(&quot;系統對敏感資料進行適當的遮罩處理&quot;)&#10;public void 系統對敏感資料進行適當的遮罩處理() {&#10;    // Write code here that turns the phrase above into concrete actions&#10;    throw new io.cucumber.java.PendingException();&#10;}&#10;@當(&quot;系統生成稽核資料的數位簽章和證明&quot;)&#10;public void 系統生成稽核資料的數位簽章和證明() {&#10;    // Write code here that turns the phrase above into concrete actions&#10;    throw new io.cucumber.java.PendingException();&#10;}&#10;@那麼(&quot;稽核報告應該包含客戶的所有相關交易記錄&quot;)&#10;public void 稽核報告應該包含客戶的所有相關交易記錄() {&#10;    // Write code here that turns the phrase above into concrete actions&#10;    throw new io.cucumber.java.PendingException();&#10;}&#10;@那麼(&quot;報告格式應該符合監管機構的要求&quot;)&#10;public void 報告格式應該符合監管機構的要求() {&#10;    // Write code here that turns the phrase above into concrete actions&#10;    throw new io.cucumber.java.PendingException();&#10;}&#10;@那麼(&quot;敏感資料應該被適當保護和遮罩&quot;)&#10;public void 敏感資料應該被適當保護和遮罩() {&#10;    // Write code here that turns the phrase above into concrete actions&#10;    throw new io.cucumber.java.PendingException();&#10;}&#10;@那麼(&quot;稽核資料應該包含完整的處理軌跡&quot;)&#10;public void 稽核資料應該包含完整的處理軌跡() {&#10;    // Write code here that turns the phrase above into concrete actions&#10;    throw new io.cucumber.java.PendingException();&#10;}&#10;@那麼(&quot;報告應該包含資料完整性的證明&quot;)&#10;public void 報告應該包含資料完整性的證明() {&#10;    // Write code here that turns the phrase above into concrete actions&#10;    throw new io.cucumber.java.PendingException();&#10;}&#10;@那麼(&quot;資料提供過程應該被完整記錄和稽核&quot;)&#10;public void 資料提供過程應該被完整記錄和稽核() {&#10;    // Write code here that turns the phrase above into concrete actions&#10;    throw new io.cucumber.java.PendingException();&#10;}&#10;" type="io.cucumber.junit.platform.engine.UndefinedStepException">io.cucumber.junit.platform.engine.UndefinedStepException: The step '監管機構要求提供特定客戶的完整交易稽核資料' and 14 other step(s) are undefined.
You can implement these steps using the snippet(s) below:

@假設(&quot;監管機構要求提供特定客戶的完整交易稽核資料&quot;)
public void 監管機構要求提供特定客戶的完整交易稽核資料() {
    // Write code here that turns the phrase above into concrete actions
    throw new io.cucumber.java.PendingException();
}
@假設(&quot;稽核範圍涵蓋客戶 {string} 過去12個月的所有交易&quot;)
public void 稽核範圍涵蓋客戶_過去12個月的所有交易(String string) {
    // Write code here that turns the phrase above into concrete actions
    throw new io.cucumber.java.PendingException();
}
@假設(&quot;需要提供符合監管要求格式的稽核報告&quot;)
public void 需要提供符合監管要求格式的稽核報告() {
    // Write code here that turns the phrase above into concrete actions
    throw new io.cucumber.java.PendingException();
}
@當(&quot;合規人員接收到監管機構的稽核要求&quot;)
public void 合規人員接收到監管機構的稽核要求() {
    // Write code here that turns the phrase above into concrete actions
    throw new io.cucumber.java.PendingException();
}
@當(&quot;系統查詢指定客戶的所有相關稽核記錄&quot;)
public void 系統查詢指定客戶的所有相關稽核記錄() {
    // Write code here that turns the phrase above into concrete actions
    throw new io.cucumber.java.PendingException();
}
@當(&quot;系統驗證稽核資料的完整性和準確性&quot;)
public void 系統驗證稽核資料的完整性和準確性() {
    // Write code here that turns the phrase above into concrete actions
    throw new io.cucumber.java.PendingException();
}
@當(&quot;系統生成符合監管格式的稽核報告&quot;)
public void 系統生成符合監管格式的稽核報告() {
    // Write code here that turns the phrase above into concrete actions
    throw new io.cucumber.java.PendingException();
}
@當(&quot;系統對敏感資料進行適當的遮罩處理&quot;)
public void 系統對敏感資料進行適當的遮罩處理() {
    // Write code here that turns the phrase above into concrete actions
    throw new io.cucumber.java.PendingException();
}
@當(&quot;系統生成稽核資料的數位簽章和證明&quot;)
public void 系統生成稽核資料的數位簽章和證明() {
    // Write code here that turns the phrase above into concrete actions
    throw new io.cucumber.java.PendingException();
}
@那麼(&quot;稽核報告應該包含客戶的所有相關交易記錄&quot;)
public void 稽核報告應該包含客戶的所有相關交易記錄() {
    // Write code here that turns the phrase above into concrete actions
    throw new io.cucumber.java.PendingException();
}
@那麼(&quot;報告格式應該符合監管機構的要求&quot;)
public void 報告格式應該符合監管機構的要求() {
    // Write code here that turns the phrase above into concrete actions
    throw new io.cucumber.java.PendingException();
}
@那麼(&quot;敏感資料應該被適當保護和遮罩&quot;)
public void 敏感資料應該被適當保護和遮罩() {
    // Write code here that turns the phrase above into concrete actions
    throw new io.cucumber.java.PendingException();
}
@那麼(&quot;稽核資料應該包含完整的處理軌跡&quot;)
public void 稽核資料應該包含完整的處理軌跡() {
    // Write code here that turns the phrase above into concrete actions
    throw new io.cucumber.java.PendingException();
}
@那麼(&quot;報告應該包含資料完整性的證明&quot;)
public void 報告應該包含資料完整性的證明() {
    // Write code here that turns the phrase above into concrete actions
    throw new io.cucumber.java.PendingException();
}
@那麼(&quot;資料提供過程應該被完整記錄和稽核&quot;)
public void 資料提供過程應該被完整記錄和稽核() {
    // Write code here that turns the phrase above into concrete actions
    throw new io.cucumber.java.PendingException();
}

	at app//io.cucumber.core.runtime.TestCaseResultObserver.assertTestCasePassed(TestCaseResultObserver.java:69)
	at app//io.cucumber.junit.platform.engine.TestCaseResultObserver.assertTestCasePassed(TestCaseResultObserver.java:22)
	at app//io.cucumber.junit.platform.engine.CucumberEngineExecutionContext.lambda$runTestCase$4(CucumberEngineExecutionContext.java:114)
	at app//io.cucumber.core.runtime.CucumberExecutionContext.lambda$runTestCase$5(CucumberExecutionContext.java:137)
	at app//io.cucumber.core.runtime.RethrowingThrowableCollector.executeAndThrow(RethrowingThrowableCollector.java:23)
	at app//io.cucumber.core.runtime.CucumberExecutionContext.runTestCase(CucumberExecutionContext.java:137)
	at app//io.cucumber.junit.platform.engine.CucumberEngineExecutionContext.runTestCase(CucumberEngineExecutionContext.java:109)
	at app//io.cucumber.junit.platform.engine.NodeDescriptor$PickleDescriptor.execute(NodeDescriptor.java:168)
	at app//io.cucumber.junit.platform.engine.NodeDescriptor$PickleDescriptor.execute(NodeDescriptor.java:90)
	at java.base@17.0.9/java.util.ArrayList.forEach(ArrayList.java:1511)
	at java.base@17.0.9/java.util.ArrayList.forEach(ArrayList.java:1511)
</failure>
  </testcase>
  <testcase name="稽核系統效能和可用性監控" classname="com.bank.promotion.CucumberTestRunner" time="0.013">
    <failure message="io.cucumber.junit.platform.engine.UndefinedStepException: The step '稽核系統需要維持高可用性和效能' and 15 other step(s) are undefined.&#10;You can implement these steps using the snippet(s) below:&#10;&#10;@假設(&quot;稽核系統需要維持高可用性和效能&quot;)&#10;public void 稽核系統需要維持高可用性和效能() {&#10;    // Write code here that turns the phrase above into concrete actions&#10;    throw new io.cucumber.java.PendingException();&#10;}&#10;@假設(&quot;系統每日處理超過10000筆稽核記錄&quot;)&#10;public void 系統每日處理超過10000筆稽核記錄() {&#10;    // Write code here that turns the phrase above into concrete actions&#10;    throw new io.cucumber.java.PendingException();&#10;}&#10;@假設(&quot;稽核查詢回應時間要求在5秒內&quot;)&#10;public void 稽核查詢回應時間要求在5秒內() {&#10;    // Write code here that turns the phrase above into concrete actions&#10;    throw new io.cucumber.java.PendingException();&#10;}&#10;@當(&quot;系統監控稽核服務的效能指標&quot;)&#10;public void 系統監控稽核服務的效能指標() {&#10;    // Write code here that turns the phrase above into concrete actions&#10;    throw new io.cucumber.java.PendingException();&#10;}&#10;@當(&quot;系統檢查稽核資料寫入的延遲時間&quot;)&#10;public void 系統檢查稽核資料寫入的延遲時間() {&#10;    // Write code here that turns the phrase above into concrete actions&#10;    throw new io.cucumber.java.PendingException();&#10;}&#10;@當(&quot;系統監控稽核查詢的回應時間&quot;)&#10;public void 系統監控稽核查詢的回應時間() {&#10;    // Write code here that turns the phrase above into concrete actions&#10;    throw new io.cucumber.java.PendingException();&#10;}&#10;@當(&quot;系統檢查稽核資料庫的儲存空間使用率&quot;)&#10;public void 系統檢查稽核資料庫的儲存空間使用率() {&#10;    // Write code here that turns the phrase above into concrete actions&#10;    throw new io.cucumber.java.PendingException();&#10;}&#10;@當(&quot;系統監控稽核服務的可用性狀態&quot;)&#10;public void 系統監控稽核服務的可用性狀態() {&#10;    // Write code here that turns the phrase above into concrete actions&#10;    throw new io.cucumber.java.PendingException();&#10;}&#10;@當(&quot;系統檢查稽核資料的備份和復原機制&quot;)&#10;public void 系統檢查稽核資料的備份和復原機制() {&#10;    // Write code here that turns the phrase above into concrete actions&#10;    throw new io.cucumber.java.PendingException();&#10;}&#10;@那麼(&quot;稽核資料寫入延遲應該在100毫秒內&quot;)&#10;public void 稽核資料寫入延遲應該在100毫秒內() {&#10;    // Write code here that turns the phrase above into concrete actions&#10;    throw new io.cucumber.java.PendingException();&#10;}&#10;@那麼(&quot;稽核查詢回應時間應該在5秒內&quot;)&#10;public void 稽核查詢回應時間應該在5秒內() {&#10;    // Write code here that turns the phrase above into concrete actions&#10;    throw new io.cucumber.java.PendingException();&#10;}&#10;@那麼(&quot;稽核資料庫使用率應該在80%以下&quot;)&#10;public void 稽核資料庫使用率應該在80_以下() {&#10;    // Write code here that turns the phrase above into concrete actions&#10;    throw new io.cucumber.java.PendingException();&#10;}&#10;@那麼(&quot;稽核服務可用性應該達到99.{int}%以上&quot;)&#10;public void 稽核服務可用性應該達到99_以上(Integer int1) {&#10;    // Write code here that turns the phrase above into concrete actions&#10;    throw new io.cucumber.java.PendingException();&#10;}&#10;@那麼(&quot;稽核資料備份應該每日自動執行&quot;)&#10;public void 稽核資料備份應該每日自動執行() {&#10;    // Write code here that turns the phrase above into concrete actions&#10;    throw new io.cucumber.java.PendingException();&#10;}&#10;@那麼(&quot;系統應該能在1小時內從備份恢復&quot;)&#10;public void 系統應該能在1小時內從備份恢復() {&#10;    // Write code here that turns the phrase above into concrete actions&#10;    throw new io.cucumber.java.PendingException();&#10;}&#10;@那麼(&quot;效能監控資料本身也應該被稽核記錄&quot;)&#10;public void 效能監控資料本身也應該被稽核記錄() {&#10;    // Write code here that turns the phrase above into concrete actions&#10;    throw new io.cucumber.java.PendingException();&#10;}&#10;" type="io.cucumber.junit.platform.engine.UndefinedStepException">io.cucumber.junit.platform.engine.UndefinedStepException: The step '稽核系統需要維持高可用性和效能' and 15 other step(s) are undefined.
You can implement these steps using the snippet(s) below:

@假設(&quot;稽核系統需要維持高可用性和效能&quot;)
public void 稽核系統需要維持高可用性和效能() {
    // Write code here that turns the phrase above into concrete actions
    throw new io.cucumber.java.PendingException();
}
@假設(&quot;系統每日處理超過10000筆稽核記錄&quot;)
public void 系統每日處理超過10000筆稽核記錄() {
    // Write code here that turns the phrase above into concrete actions
    throw new io.cucumber.java.PendingException();
}
@假設(&quot;稽核查詢回應時間要求在5秒內&quot;)
public void 稽核查詢回應時間要求在5秒內() {
    // Write code here that turns the phrase above into concrete actions
    throw new io.cucumber.java.PendingException();
}
@當(&quot;系統監控稽核服務的效能指標&quot;)
public void 系統監控稽核服務的效能指標() {
    // Write code here that turns the phrase above into concrete actions
    throw new io.cucumber.java.PendingException();
}
@當(&quot;系統檢查稽核資料寫入的延遲時間&quot;)
public void 系統檢查稽核資料寫入的延遲時間() {
    // Write code here that turns the phrase above into concrete actions
    throw new io.cucumber.java.PendingException();
}
@當(&quot;系統監控稽核查詢的回應時間&quot;)
public void 系統監控稽核查詢的回應時間() {
    // Write code here that turns the phrase above into concrete actions
    throw new io.cucumber.java.PendingException();
}
@當(&quot;系統檢查稽核資料庫的儲存空間使用率&quot;)
public void 系統檢查稽核資料庫的儲存空間使用率() {
    // Write code here that turns the phrase above into concrete actions
    throw new io.cucumber.java.PendingException();
}
@當(&quot;系統監控稽核服務的可用性狀態&quot;)
public void 系統監控稽核服務的可用性狀態() {
    // Write code here that turns the phrase above into concrete actions
    throw new io.cucumber.java.PendingException();
}
@當(&quot;系統檢查稽核資料的備份和復原機制&quot;)
public void 系統檢查稽核資料的備份和復原機制() {
    // Write code here that turns the phrase above into concrete actions
    throw new io.cucumber.java.PendingException();
}
@那麼(&quot;稽核資料寫入延遲應該在100毫秒內&quot;)
public void 稽核資料寫入延遲應該在100毫秒內() {
    // Write code here that turns the phrase above into concrete actions
    throw new io.cucumber.java.PendingException();
}
@那麼(&quot;稽核查詢回應時間應該在5秒內&quot;)
public void 稽核查詢回應時間應該在5秒內() {
    // Write code here that turns the phrase above into concrete actions
    throw new io.cucumber.java.PendingException();
}
@那麼(&quot;稽核資料庫使用率應該在80%以下&quot;)
public void 稽核資料庫使用率應該在80_以下() {
    // Write code here that turns the phrase above into concrete actions
    throw new io.cucumber.java.PendingException();
}
@那麼(&quot;稽核服務可用性應該達到99.{int}%以上&quot;)
public void 稽核服務可用性應該達到99_以上(Integer int1) {
    // Write code here that turns the phrase above into concrete actions
    throw new io.cucumber.java.PendingException();
}
@那麼(&quot;稽核資料備份應該每日自動執行&quot;)
public void 稽核資料備份應該每日自動執行() {
    // Write code here that turns the phrase above into concrete actions
    throw new io.cucumber.java.PendingException();
}
@那麼(&quot;系統應該能在1小時內從備份恢復&quot;)
public void 系統應該能在1小時內從備份恢復() {
    // Write code here that turns the phrase above into concrete actions
    throw new io.cucumber.java.PendingException();
}
@那麼(&quot;效能監控資料本身也應該被稽核記錄&quot;)
public void 效能監控資料本身也應該被稽核記錄() {
    // Write code here that turns the phrase above into concrete actions
    throw new io.cucumber.java.PendingException();
}

	at app//io.cucumber.core.runtime.TestCaseResultObserver.assertTestCasePassed(TestCaseResultObserver.java:69)
	at app//io.cucumber.junit.platform.engine.TestCaseResultObserver.assertTestCasePassed(TestCaseResultObserver.java:22)
	at app//io.cucumber.junit.platform.engine.CucumberEngineExecutionContext.lambda$runTestCase$4(CucumberEngineExecutionContext.java:114)
	at app//io.cucumber.core.runtime.CucumberExecutionContext.lambda$runTestCase$5(CucumberExecutionContext.java:137)
	at app//io.cucumber.core.runtime.RethrowingThrowableCollector.executeAndThrow(RethrowingThrowableCollector.java:23)
	at app//io.cucumber.core.runtime.CucumberExecutionContext.runTestCase(CucumberExecutionContext.java:137)
	at app//io.cucumber.junit.platform.engine.CucumberEngineExecutionContext.runTestCase(CucumberEngineExecutionContext.java:109)
	at app//io.cucumber.junit.platform.engine.NodeDescriptor$PickleDescriptor.execute(NodeDescriptor.java:168)
	at app//io.cucumber.junit.platform.engine.NodeDescriptor$PickleDescriptor.execute(NodeDescriptor.java:90)
	at java.base@17.0.9/java.util.ArrayList.forEach(ArrayList.java:1511)
	at java.base@17.0.9/java.util.ArrayList.forEach(ArrayList.java:1511)
</failure>
  </testcase>
  <testcase name="跨系統稽核資料整合和關聯分析" classname="com.bank.promotion.CucumberTestRunner" time="0.012">
    <failure message="io.cucumber.junit.platform.engine.UndefinedStepException: The step '需要整合多個系統的稽核資料進行關聯分析' and 14 other step(s) are undefined.&#10;You can implement these steps using the snippet(s) below:&#10;&#10;@假設(&quot;需要整合多個系統的稽核資料進行關聯分析&quot;)&#10;public void 需要整合多個系統的稽核資料進行關聯分析() {&#10;    // Write code here that turns the phrase above into concrete actions&#10;    throw new io.cucumber.java.PendingException();&#10;}&#10;@假設(&quot;涉及優惠系統、風險系統和客戶管理系統&quot;)&#10;public void 涉及優惠系統_風險系統和客戶管理系統() {&#10;    // Write code here that turns the phrase above into concrete actions&#10;    throw new io.cucumber.java.PendingException();&#10;}&#10;@假設(&quot;需要分析客戶跨系統的完整行為軌跡&quot;)&#10;public void 需要分析客戶跨系統的完整行為軌跡() {&#10;    // Write code here that turns the phrase above into concrete actions&#10;    throw new io.cucumber.java.PendingException();&#10;}&#10;@當(&quot;合規系統啟動跨系統稽核資料整合&quot;)&#10;public void 合規系統啟動跨系統稽核資料整合() {&#10;    // Write code here that turns the phrase above into concrete actions&#10;    throw new io.cucumber.java.PendingException();&#10;}&#10;@當(&quot;系統收集各系統的相關稽核記錄&quot;)&#10;public void 系統收集各系統的相關稽核記錄() {&#10;    // Write code here that turns the phrase above into concrete actions&#10;    throw new io.cucumber.java.PendingException();&#10;}&#10;@當(&quot;系統使用客戶ID和時間戳進行資料關聯&quot;)&#10;public void 系統使用客戶id和時間戳進行資料關聯() {&#10;    // Write code here that turns the phrase above into concrete actions&#10;    throw new io.cucumber.java.PendingException();&#10;}&#10;@當(&quot;系統分析客戶的跨系統行為模式&quot;)&#10;public void 系統分析客戶的跨系統行為模式() {&#10;    // Write code here that turns the phrase above into concrete actions&#10;    throw new io.cucumber.java.PendingException();&#10;}&#10;@當(&quot;系統識別可能的異常或不一致行為&quot;)&#10;public void 系統識別可能的異常或不一致行為() {&#10;    // Write code here that turns the phrase above into concrete actions&#10;    throw new io.cucumber.java.PendingException();&#10;}&#10;@當(&quot;系統生成跨系統稽核分析報告&quot;)&#10;public void 系統生成跨系統稽核分析報告() {&#10;    // Write code here that turns the phrase above into concrete actions&#10;    throw new io.cucumber.java.PendingException();&#10;}&#10;@那麼(&quot;系統應該成功整合所有相關的稽核資料&quot;)&#10;public void 系統應該成功整合所有相關的稽核資料() {&#10;    // Write code here that turns the phrase above into concrete actions&#10;    throw new io.cucumber.java.PendingException();&#10;}&#10;@那麼(&quot;客戶行為軌跡應該完整且時間一致&quot;)&#10;public void 客戶行為軌跡應該完整且時間一致() {&#10;    // Write code here that turns the phrase above into concrete actions&#10;    throw new io.cucumber.java.PendingException();&#10;}&#10;@那麼(&quot;跨系統資料關聯應該準確無誤&quot;)&#10;public void 跨系統資料關聯應該準確無誤() {&#10;    // Write code here that turns the phrase above into concrete actions&#10;    throw new io.cucumber.java.PendingException();&#10;}&#10;@那麼(&quot;異常行為模式應該被正確識別&quot;)&#10;public void 異常行為模式應該被正確識別() {&#10;    // Write code here that turns the phrase above into concrete actions&#10;    throw new io.cucumber.java.PendingException();&#10;}&#10;@那麼(&quot;分析報告應該提供清晰的洞察和建議&quot;)&#10;public void 分析報告應該提供清晰的洞察和建議() {&#10;    // Write code here that turns the phrase above into concrete actions&#10;    throw new io.cucumber.java.PendingException();&#10;}&#10;@那麼(&quot;跨系統整合過程應該被完整稽核記錄&quot;)&#10;public void 跨系統整合過程應該被完整稽核記錄() {&#10;    // Write code here that turns the phrase above into concrete actions&#10;    throw new io.cucumber.java.PendingException();&#10;}&#10;" type="io.cucumber.junit.platform.engine.UndefinedStepException">io.cucumber.junit.platform.engine.UndefinedStepException: The step '需要整合多個系統的稽核資料進行關聯分析' and 14 other step(s) are undefined.
You can implement these steps using the snippet(s) below:

@假設(&quot;需要整合多個系統的稽核資料進行關聯分析&quot;)
public void 需要整合多個系統的稽核資料進行關聯分析() {
    // Write code here that turns the phrase above into concrete actions
    throw new io.cucumber.java.PendingException();
}
@假設(&quot;涉及優惠系統、風險系統和客戶管理系統&quot;)
public void 涉及優惠系統_風險系統和客戶管理系統() {
    // Write code here that turns the phrase above into concrete actions
    throw new io.cucumber.java.PendingException();
}
@假設(&quot;需要分析客戶跨系統的完整行為軌跡&quot;)
public void 需要分析客戶跨系統的完整行為軌跡() {
    // Write code here that turns the phrase above into concrete actions
    throw new io.cucumber.java.PendingException();
}
@當(&quot;合規系統啟動跨系統稽核資料整合&quot;)
public void 合規系統啟動跨系統稽核資料整合() {
    // Write code here that turns the phrase above into concrete actions
    throw new io.cucumber.java.PendingException();
}
@當(&quot;系統收集各系統的相關稽核記錄&quot;)
public void 系統收集各系統的相關稽核記錄() {
    // Write code here that turns the phrase above into concrete actions
    throw new io.cucumber.java.PendingException();
}
@當(&quot;系統使用客戶ID和時間戳進行資料關聯&quot;)
public void 系統使用客戶id和時間戳進行資料關聯() {
    // Write code here that turns the phrase above into concrete actions
    throw new io.cucumber.java.PendingException();
}
@當(&quot;系統分析客戶的跨系統行為模式&quot;)
public void 系統分析客戶的跨系統行為模式() {
    // Write code here that turns the phrase above into concrete actions
    throw new io.cucumber.java.PendingException();
}
@當(&quot;系統識別可能的異常或不一致行為&quot;)
public void 系統識別可能的異常或不一致行為() {
    // Write code here that turns the phrase above into concrete actions
    throw new io.cucumber.java.PendingException();
}
@當(&quot;系統生成跨系統稽核分析報告&quot;)
public void 系統生成跨系統稽核分析報告() {
    // Write code here that turns the phrase above into concrete actions
    throw new io.cucumber.java.PendingException();
}
@那麼(&quot;系統應該成功整合所有相關的稽核資料&quot;)
public void 系統應該成功整合所有相關的稽核資料() {
    // Write code here that turns the phrase above into concrete actions
    throw new io.cucumber.java.PendingException();
}
@那麼(&quot;客戶行為軌跡應該完整且時間一致&quot;)
public void 客戶行為軌跡應該完整且時間一致() {
    // Write code here that turns the phrase above into concrete actions
    throw new io.cucumber.java.PendingException();
}
@那麼(&quot;跨系統資料關聯應該準確無誤&quot;)
public void 跨系統資料關聯應該準確無誤() {
    // Write code here that turns the phrase above into concrete actions
    throw new io.cucumber.java.PendingException();
}
@那麼(&quot;異常行為模式應該被正確識別&quot;)
public void 異常行為模式應該被正確識別() {
    // Write code here that turns the phrase above into concrete actions
    throw new io.cucumber.java.PendingException();
}
@那麼(&quot;分析報告應該提供清晰的洞察和建議&quot;)
public void 分析報告應該提供清晰的洞察和建議() {
    // Write code here that turns the phrase above into concrete actions
    throw new io.cucumber.java.PendingException();
}
@那麼(&quot;跨系統整合過程應該被完整稽核記錄&quot;)
public void 跨系統整合過程應該被完整稽核記錄() {
    // Write code here that turns the phrase above into concrete actions
    throw new io.cucumber.java.PendingException();
}

	at app//io.cucumber.core.runtime.TestCaseResultObserver.assertTestCasePassed(TestCaseResultObserver.java:69)
	at app//io.cucumber.junit.platform.engine.TestCaseResultObserver.assertTestCasePassed(TestCaseResultObserver.java:22)
	at app//io.cucumber.junit.platform.engine.CucumberEngineExecutionContext.lambda$runTestCase$4(CucumberEngineExecutionContext.java:114)
	at app//io.cucumber.core.runtime.CucumberExecutionContext.lambda$runTestCase$5(CucumberExecutionContext.java:137)
	at app//io.cucumber.core.runtime.RethrowingThrowableCollector.executeAndThrow(RethrowingThrowableCollector.java:23)
	at app//io.cucumber.core.runtime.CucumberExecutionContext.runTestCase(CucumberExecutionContext.java:137)
	at app//io.cucumber.junit.platform.engine.CucumberEngineExecutionContext.runTestCase(CucumberEngineExecutionContext.java:109)
	at app//io.cucumber.junit.platform.engine.NodeDescriptor$PickleDescriptor.execute(NodeDescriptor.java:168)
	at app//io.cucumber.junit.platform.engine.NodeDescriptor$PickleDescriptor.execute(NodeDescriptor.java:90)
	at java.base@17.0.9/java.util.ArrayList.forEach(ArrayList.java:1511)
	at java.base@17.0.9/java.util.ArrayList.forEach(ArrayList.java:1511)
</failure>
  </testcase>
  <testcase name="查詢特定客戶的優惠評估軌跡" classname="com.bank.promotion.CucumberTestRunner" time="0.014">
    <failure message="java.lang.ClassCastException: class java.lang.Long cannot be cast to class java.lang.Integer (java.lang.Long and java.lang.Integer are in module java.base of loader 'bootstrap')" type="java.lang.ClassCastException">java.lang.ClassCastException: class java.lang.Long cannot be cast to class java.lang.Integer (java.lang.Long and java.lang.Integer are in module java.base of loader 'bootstrap')
	at com.bank.promotion.bdd.steps.AuditTrailQuerySteps.應該包含每個步驟的執行時間(AuditTrailQuerySteps.java:163)
	at ✽.應該包含每個步驟的執行時間(classpath:features/audit-trail-query.feature:22)
</failure>
  </testcase>
  <testcase name="查詢決策樹執行統計報告" classname="com.bank.promotion.CucumberTestRunner" time="0.012">
    <failure message="org.opentest4j.AssertionFailedError: 應該處理100筆請求 ==&gt; expected: &lt;100&gt; but was: &lt;103&gt;" type="org.opentest4j.AssertionFailedError">org.opentest4j.AssertionFailedError: 應該處理100筆請求 ==&gt; expected: &lt;100&gt; but was: &lt;103&gt;
	at app//com.bank.promotion.bdd.steps.AuditTrailQuerySteps.系統在過去7天內處理了100筆優惠評估請求(AuditTrailQuerySteps.java:190)
	at ✽.系統在過去7天內處理了100筆優惠評估請求(classpath:features/audit-trail-query.feature:26)
</failure>
  </testcase>
  <testcase name="查詢外部系統呼叫記錄" classname="com.bank.promotion.CucumberTestRunner" time="0.009">
    <failure message="io.cucumber.junit.platform.engine.UndefinedStepException: The step '系統在處理過程中呼叫了多個外部系統' and 9 other step(s) are undefined.&#10;You can implement these steps using the snippet(s) below:&#10;&#10;@假設(&quot;系統在處理過程中呼叫了多個外部系統&quot;)&#10;public void 系統在處理過程中呼叫了多個外部系統() {&#10;    // Write code here that turns the phrase above into concrete actions&#10;    throw new io.cucumber.java.PendingException();&#10;}&#10;@假設(&quot;包含信用評等系統、交易歷史系統和風險評估系統&quot;)&#10;public void 包含信用評等系統_交易歷史系統和風險評估系統() {&#10;    // Write code here that turns the phrase above into concrete actions&#10;    throw new io.cucumber.java.PendingException();&#10;}&#10;@當(&quot;稽核人員查詢外部系統呼叫記錄&quot;)&#10;public void 稽核人員查詢外部系統呼叫記錄() {&#10;    // Write code here that turns the phrase above into concrete actions&#10;    throw new io.cucumber.java.PendingException();&#10;}&#10;@當(&quot;指定查詢特定的外部系統類型&quot;)&#10;public void 指定查詢特定的外部系統類型() {&#10;    // Write code here that turns the phrase above into concrete actions&#10;    throw new io.cucumber.java.PendingException();&#10;}&#10;@那麼(&quot;應該返回該外部系統的所有呼叫記錄&quot;)&#10;public void 應該返回該外部系統的所有呼叫記錄() {&#10;    // Write code here that turns the phrase above into concrete actions&#10;    throw new io.cucumber.java.PendingException();&#10;}&#10;@那麼(&quot;記錄應該包含呼叫時間和回應時間&quot;)&#10;public void 記錄應該包含呼叫時間和回應時間() {&#10;    // Write code here that turns the phrase above into concrete actions&#10;    throw new io.cucumber.java.PendingException();&#10;}&#10;@那麼(&quot;記錄應該包含請求參數和回應結果&quot;)&#10;public void 記錄應該包含請求參數和回應結果() {&#10;    // Write code here that turns the phrase above into concrete actions&#10;    throw new io.cucumber.java.PendingException();&#10;}&#10;@那麼(&quot;記錄應該包含呼叫狀態 \\(成功\\/失敗)&quot;)&#10;public void 記錄應該包含呼叫狀態_成功_失敗() {&#10;    // Write code here that turns the phrase above into concrete actions&#10;    throw new io.cucumber.java.PendingException();&#10;}&#10;@那麼(&quot;失敗記錄應該包含錯誤原因&quot;)&#10;public void 失敗記錄應該包含錯誤原因() {&#10;    // Write code here that turns the phrase above into concrete actions&#10;    throw new io.cucumber.java.PendingException();&#10;}&#10;@那麼(&quot;記錄應該可以按回應時間排序&quot;)&#10;public void 記錄應該可以按回應時間排序() {&#10;    // Write code here that turns the phrase above into concrete actions&#10;    throw new io.cucumber.java.PendingException();&#10;}&#10;" type="io.cucumber.junit.platform.engine.UndefinedStepException">io.cucumber.junit.platform.engine.UndefinedStepException: The step '系統在處理過程中呼叫了多個外部系統' and 9 other step(s) are undefined.
You can implement these steps using the snippet(s) below:

@假設(&quot;系統在處理過程中呼叫了多個外部系統&quot;)
public void 系統在處理過程中呼叫了多個外部系統() {
    // Write code here that turns the phrase above into concrete actions
    throw new io.cucumber.java.PendingException();
}
@假設(&quot;包含信用評等系統、交易歷史系統和風險評估系統&quot;)
public void 包含信用評等系統_交易歷史系統和風險評估系統() {
    // Write code here that turns the phrase above into concrete actions
    throw new io.cucumber.java.PendingException();
}
@當(&quot;稽核人員查詢外部系統呼叫記錄&quot;)
public void 稽核人員查詢外部系統呼叫記錄() {
    // Write code here that turns the phrase above into concrete actions
    throw new io.cucumber.java.PendingException();
}
@當(&quot;指定查詢特定的外部系統類型&quot;)
public void 指定查詢特定的外部系統類型() {
    // Write code here that turns the phrase above into concrete actions
    throw new io.cucumber.java.PendingException();
}
@那麼(&quot;應該返回該外部系統的所有呼叫記錄&quot;)
public void 應該返回該外部系統的所有呼叫記錄() {
    // Write code here that turns the phrase above into concrete actions
    throw new io.cucumber.java.PendingException();
}
@那麼(&quot;記錄應該包含呼叫時間和回應時間&quot;)
public void 記錄應該包含呼叫時間和回應時間() {
    // Write code here that turns the phrase above into concrete actions
    throw new io.cucumber.java.PendingException();
}
@那麼(&quot;記錄應該包含請求參數和回應結果&quot;)
public void 記錄應該包含請求參數和回應結果() {
    // Write code here that turns the phrase above into concrete actions
    throw new io.cucumber.java.PendingException();
}
@那麼(&quot;記錄應該包含呼叫狀態 \\(成功\\/失敗)&quot;)
public void 記錄應該包含呼叫狀態_成功_失敗() {
    // Write code here that turns the phrase above into concrete actions
    throw new io.cucumber.java.PendingException();
}
@那麼(&quot;失敗記錄應該包含錯誤原因&quot;)
public void 失敗記錄應該包含錯誤原因() {
    // Write code here that turns the phrase above into concrete actions
    throw new io.cucumber.java.PendingException();
}
@那麼(&quot;記錄應該可以按回應時間排序&quot;)
public void 記錄應該可以按回應時間排序() {
    // Write code here that turns the phrase above into concrete actions
    throw new io.cucumber.java.PendingException();
}

	at app//io.cucumber.core.runtime.TestCaseResultObserver.assertTestCasePassed(TestCaseResultObserver.java:69)
	at app//io.cucumber.junit.platform.engine.TestCaseResultObserver.assertTestCasePassed(TestCaseResultObserver.java:22)
	at app//io.cucumber.junit.platform.engine.CucumberEngineExecutionContext.lambda$runTestCase$4(CucumberEngineExecutionContext.java:114)
	at app//io.cucumber.core.runtime.CucumberExecutionContext.lambda$runTestCase$5(CucumberExecutionContext.java:137)
	at app//io.cucumber.core.runtime.RethrowingThrowableCollector.executeAndThrow(RethrowingThrowableCollector.java:23)
	at app//io.cucumber.core.runtime.CucumberExecutionContext.runTestCase(CucumberExecutionContext.java:137)
	at app//io.cucumber.junit.platform.engine.CucumberEngineExecutionContext.runTestCase(CucumberEngineExecutionContext.java:109)
	at app//io.cucumber.junit.platform.engine.NodeDescriptor$PickleDescriptor.execute(NodeDescriptor.java:168)
	at app//io.cucumber.junit.platform.engine.NodeDescriptor$PickleDescriptor.execute(NodeDescriptor.java:90)
	at java.base@17.0.9/java.util.ArrayList.forEach(ArrayList.java:1511)
	at java.base@17.0.9/java.util.ArrayList.forEach(ArrayList.java:1511)
</failure>
  </testcase>
  <testcase name="合規性檢查報告生成" classname="com.bank.promotion.CucumberTestRunner" time="0.01">
    <failure message="io.cucumber.junit.platform.engine.UndefinedStepException: The step '系統需要生成月度合規性報告' and 10 other step(s) are undefined.&#10;You can implement these steps using the snippet(s) below:&#10;&#10;@假設(&quot;系統需要生成月度合規性報告&quot;)&#10;public void 系統需要生成月度合規性報告() {&#10;    // Write code here that turns the phrase above into concrete actions&#10;    throw new io.cucumber.java.PendingException();&#10;}&#10;@假設(&quot;報告期間內處理了1000筆優惠評估請求&quot;)&#10;public void 報告期間內處理了1000筆優惠評估請求() {&#10;    // Write code here that turns the phrase above into concrete actions&#10;    throw new io.cucumber.java.PendingException();&#10;}&#10;@當(&quot;合規人員生成合規性檢查報告&quot;)&#10;public void 合規人員生成合規性檢查報告() {&#10;    // Write code here that turns the phrase above into concrete actions&#10;    throw new io.cucumber.java.PendingException();&#10;}&#10;@當(&quot;指定報告類型為 {string}&quot;)&#10;public void 指定報告類型為(String string) {&#10;    // Write code here that turns the phrase above into concrete actions&#10;    throw new io.cucumber.java.PendingException();&#10;}&#10;@那麼(&quot;報告應該包含所有請求的處理統計&quot;)&#10;public void 報告應該包含所有請求的處理統計() {&#10;    // Write code here that turns the phrase above into concrete actions&#10;    throw new io.cucumber.java.PendingException();&#10;}&#10;@那麼(&quot;報告應該包含決策一致性分析&quot;)&#10;public void 報告應該包含決策一致性分析() {&#10;    // Write code here that turns the phrase above into concrete actions&#10;    throw new io.cucumber.java.PendingException();&#10;}&#10;@那麼(&quot;報告應該標示任何異常決策模式&quot;)&#10;public void 報告應該標示任何異常決策模式() {&#10;    // Write code here that turns the phrase above into concrete actions&#10;    throw new io.cucumber.java.PendingException();&#10;}&#10;@那麼(&quot;報告應該包含外部系統可用性統計&quot;)&#10;public void 報告應該包含外部系統可用性統計() {&#10;    // Write code here that turns the phrase above into concrete actions&#10;    throw new io.cucumber.java.PendingException();&#10;}&#10;@那麼(&quot;報告應該包含系統效能指標&quot;)&#10;public void 報告應該包含系統效能指標() {&#10;    // Write code here that turns the phrase above into concrete actions&#10;    throw new io.cucumber.java.PendingException();&#10;}&#10;@那麼(&quot;報告應該包含資料完整性檢查結果&quot;)&#10;public void 報告應該包含資料完整性檢查結果() {&#10;    // Write code here that turns the phrase above into concrete actions&#10;    throw new io.cucumber.java.PendingException();&#10;}&#10;@那麼(&quot;報告應該符合銀行業合規要求格式&quot;)&#10;public void 報告應該符合銀行業合規要求格式() {&#10;    // Write code here that turns the phrase above into concrete actions&#10;    throw new io.cucumber.java.PendingException();&#10;}&#10;" type="io.cucumber.junit.platform.engine.UndefinedStepException">io.cucumber.junit.platform.engine.UndefinedStepException: The step '系統需要生成月度合規性報告' and 10 other step(s) are undefined.
You can implement these steps using the snippet(s) below:

@假設(&quot;系統需要生成月度合規性報告&quot;)
public void 系統需要生成月度合規性報告() {
    // Write code here that turns the phrase above into concrete actions
    throw new io.cucumber.java.PendingException();
}
@假設(&quot;報告期間內處理了1000筆優惠評估請求&quot;)
public void 報告期間內處理了1000筆優惠評估請求() {
    // Write code here that turns the phrase above into concrete actions
    throw new io.cucumber.java.PendingException();
}
@當(&quot;合規人員生成合規性檢查報告&quot;)
public void 合規人員生成合規性檢查報告() {
    // Write code here that turns the phrase above into concrete actions
    throw new io.cucumber.java.PendingException();
}
@當(&quot;指定報告類型為 {string}&quot;)
public void 指定報告類型為(String string) {
    // Write code here that turns the phrase above into concrete actions
    throw new io.cucumber.java.PendingException();
}
@那麼(&quot;報告應該包含所有請求的處理統計&quot;)
public void 報告應該包含所有請求的處理統計() {
    // Write code here that turns the phrase above into concrete actions
    throw new io.cucumber.java.PendingException();
}
@那麼(&quot;報告應該包含決策一致性分析&quot;)
public void 報告應該包含決策一致性分析() {
    // Write code here that turns the phrase above into concrete actions
    throw new io.cucumber.java.PendingException();
}
@那麼(&quot;報告應該標示任何異常決策模式&quot;)
public void 報告應該標示任何異常決策模式() {
    // Write code here that turns the phrase above into concrete actions
    throw new io.cucumber.java.PendingException();
}
@那麼(&quot;報告應該包含外部系統可用性統計&quot;)
public void 報告應該包含外部系統可用性統計() {
    // Write code here that turns the phrase above into concrete actions
    throw new io.cucumber.java.PendingException();
}
@那麼(&quot;報告應該包含系統效能指標&quot;)
public void 報告應該包含系統效能指標() {
    // Write code here that turns the phrase above into concrete actions
    throw new io.cucumber.java.PendingException();
}
@那麼(&quot;報告應該包含資料完整性檢查結果&quot;)
public void 報告應該包含資料完整性檢查結果() {
    // Write code here that turns the phrase above into concrete actions
    throw new io.cucumber.java.PendingException();
}
@那麼(&quot;報告應該符合銀行業合規要求格式&quot;)
public void 報告應該符合銀行業合規要求格式() {
    // Write code here that turns the phrase above into concrete actions
    throw new io.cucumber.java.PendingException();
}

	at app//io.cucumber.core.runtime.TestCaseResultObserver.assertTestCasePassed(TestCaseResultObserver.java:69)
	at app//io.cucumber.junit.platform.engine.TestCaseResultObserver.assertTestCasePassed(TestCaseResultObserver.java:22)
	at app//io.cucumber.junit.platform.engine.CucumberEngineExecutionContext.lambda$runTestCase$4(CucumberEngineExecutionContext.java:114)
	at app//io.cucumber.core.runtime.CucumberExecutionContext.lambda$runTestCase$5(CucumberExecutionContext.java:137)
	at app//io.cucumber.core.runtime.RethrowingThrowableCollector.executeAndThrow(RethrowingThrowableCollector.java:23)
	at app//io.cucumber.core.runtime.CucumberExecutionContext.runTestCase(CucumberExecutionContext.java:137)
	at app//io.cucumber.junit.platform.engine.CucumberEngineExecutionContext.runTestCase(CucumberEngineExecutionContext.java:109)
	at app//io.cucumber.junit.platform.engine.NodeDescriptor$PickleDescriptor.execute(NodeDescriptor.java:168)
	at app//io.cucumber.junit.platform.engine.NodeDescriptor$PickleDescriptor.execute(NodeDescriptor.java:90)
	at java.base@17.0.9/java.util.ArrayList.forEach(ArrayList.java:1511)
	at java.base@17.0.9/java.util.ArrayList.forEach(ArrayList.java:1511)
</failure>
  </testcase>
  <testcase name="稽核資料完整性驗證" classname="com.bank.promotion.CucumberTestRunner" time="0.009">
    <failure message="io.cucumber.junit.platform.engine.UndefinedStepException: The step '系統處理了一筆複雜的VIP客戶優惠評估' and 8 other step(s) are undefined.&#10;You can implement these steps using the snippet(s) below:&#10;&#10;@假設(&quot;系統處理了一筆複雜的VIP客戶優惠評估&quot;)&#10;public void 系統處理了一筆複雜的vip客戶優惠評估() {&#10;    // Write code here that turns the phrase above into concrete actions&#10;    throw new io.cucumber.java.PendingException();&#10;}&#10;@假設(&quot;該請求涉及多個決策節點和外部系統呼叫&quot;)&#10;public void 該請求涉及多個決策節點和外部系統呼叫() {&#10;    // Write code here that turns the phrase above into concrete actions&#10;    throw new io.cucumber.java.PendingException();&#10;}&#10;@當(&quot;稽核人員驗證該請求的資料完整性&quot;)&#10;public void 稽核人員驗證該請求的資料完整性() {&#10;    // Write code here that turns the phrase above into concrete actions&#10;    throw new io.cucumber.java.PendingException();&#10;}&#10;@那麼(&quot;請求日誌應該包含完整的請求和回應資料&quot;)&#10;public void 請求日誌應該包含完整的請求和回應資料() {&#10;    // Write code here that turns the phrase above into concrete actions&#10;    throw new io.cucumber.java.PendingException();&#10;}&#10;@那麼(&quot;決策步驟記錄應該涵蓋所有執行的節點&quot;)&#10;public void 決策步驟記錄應該涵蓋所有執行的節點() {&#10;    // Write code here that turns the phrase above into concrete actions&#10;    throw new io.cucumber.java.PendingException();&#10;}&#10;@那麼(&quot;系統事件記錄應該包含所有重要操作&quot;)&#10;public void 系統事件記錄應該包含所有重要操作() {&#10;    // Write code here that turns the phrase above into concrete actions&#10;    throw new io.cucumber.java.PendingException();&#10;}&#10;@那麼(&quot;所有記錄的時間戳應該保持一致性&quot;)&#10;public void 所有記錄的時間戳應該保持一致性() {&#10;    // Write code here that turns the phrase above into concrete actions&#10;    throw new io.cucumber.java.PendingException();&#10;}&#10;@那麼(&quot;稽核資料應該無法被篡改&quot;)&#10;public void 稽核資料應該無法被篡改() {&#10;    // Write code here that turns the phrase above into concrete actions&#10;    throw new io.cucumber.java.PendingException();&#10;}&#10;@那麼(&quot;資料關聯性應該完整無缺&quot;)&#10;public void 資料關聯性應該完整無缺() {&#10;    // Write code here that turns the phrase above into concrete actions&#10;    throw new io.cucumber.java.PendingException();&#10;}&#10;" type="io.cucumber.junit.platform.engine.UndefinedStepException">io.cucumber.junit.platform.engine.UndefinedStepException: The step '系統處理了一筆複雜的VIP客戶優惠評估' and 8 other step(s) are undefined.
You can implement these steps using the snippet(s) below:

@假設(&quot;系統處理了一筆複雜的VIP客戶優惠評估&quot;)
public void 系統處理了一筆複雜的vip客戶優惠評估() {
    // Write code here that turns the phrase above into concrete actions
    throw new io.cucumber.java.PendingException();
}
@假設(&quot;該請求涉及多個決策節點和外部系統呼叫&quot;)
public void 該請求涉及多個決策節點和外部系統呼叫() {
    // Write code here that turns the phrase above into concrete actions
    throw new io.cucumber.java.PendingException();
}
@當(&quot;稽核人員驗證該請求的資料完整性&quot;)
public void 稽核人員驗證該請求的資料完整性() {
    // Write code here that turns the phrase above into concrete actions
    throw new io.cucumber.java.PendingException();
}
@那麼(&quot;請求日誌應該包含完整的請求和回應資料&quot;)
public void 請求日誌應該包含完整的請求和回應資料() {
    // Write code here that turns the phrase above into concrete actions
    throw new io.cucumber.java.PendingException();
}
@那麼(&quot;決策步驟記錄應該涵蓋所有執行的節點&quot;)
public void 決策步驟記錄應該涵蓋所有執行的節點() {
    // Write code here that turns the phrase above into concrete actions
    throw new io.cucumber.java.PendingException();
}
@那麼(&quot;系統事件記錄應該包含所有重要操作&quot;)
public void 系統事件記錄應該包含所有重要操作() {
    // Write code here that turns the phrase above into concrete actions
    throw new io.cucumber.java.PendingException();
}
@那麼(&quot;所有記錄的時間戳應該保持一致性&quot;)
public void 所有記錄的時間戳應該保持一致性() {
    // Write code here that turns the phrase above into concrete actions
    throw new io.cucumber.java.PendingException();
}
@那麼(&quot;稽核資料應該無法被篡改&quot;)
public void 稽核資料應該無法被篡改() {
    // Write code here that turns the phrase above into concrete actions
    throw new io.cucumber.java.PendingException();
}
@那麼(&quot;資料關聯性應該完整無缺&quot;)
public void 資料關聯性應該完整無缺() {
    // Write code here that turns the phrase above into concrete actions
    throw new io.cucumber.java.PendingException();
}

	at app//io.cucumber.core.runtime.TestCaseResultObserver.assertTestCasePassed(TestCaseResultObserver.java:69)
	at app//io.cucumber.junit.platform.engine.TestCaseResultObserver.assertTestCasePassed(TestCaseResultObserver.java:22)
	at app//io.cucumber.junit.platform.engine.CucumberEngineExecutionContext.lambda$runTestCase$4(CucumberEngineExecutionContext.java:114)
	at app//io.cucumber.core.runtime.CucumberExecutionContext.lambda$runTestCase$5(CucumberExecutionContext.java:137)
	at app//io.cucumber.core.runtime.RethrowingThrowableCollector.executeAndThrow(RethrowingThrowableCollector.java:23)
	at app//io.cucumber.core.runtime.CucumberExecutionContext.runTestCase(CucumberExecutionContext.java:137)
	at app//io.cucumber.junit.platform.engine.CucumberEngineExecutionContext.runTestCase(CucumberEngineExecutionContext.java:109)
	at app//io.cucumber.junit.platform.engine.NodeDescriptor$PickleDescriptor.execute(NodeDescriptor.java:168)
	at app//io.cucumber.junit.platform.engine.NodeDescriptor$PickleDescriptor.execute(NodeDescriptor.java:90)
	at java.base@17.0.9/java.util.ArrayList.forEach(ArrayList.java:1511)
	at java.base@17.0.9/java.util.ArrayList.forEach(ArrayList.java:1511)
</failure>
  </testcase>
  <testcase name="異常情況稽核追蹤" classname="com.bank.promotion.CucumberTestRunner" time="0.009">
    <failure message="io.cucumber.junit.platform.engine.UndefinedStepException: The step '系統在處理過程中發生了多種異常情況' and 9 other step(s) are undefined.&#10;You can implement these steps using the snippet(s) below:&#10;&#10;@假設(&quot;系統在處理過程中發生了多種異常情況&quot;)&#10;public void 系統在處理過程中發生了多種異常情況() {&#10;    // Write code here that turns the phrase above into concrete actions&#10;    throw new io.cucumber.java.PendingException();&#10;}&#10;@假設(&quot;包含外部系統超時、資料驗證錯誤和業務規則異常&quot;)&#10;public void 包含外部系統超時_資料驗證錯誤和業務規則異常() {&#10;    // Write code here that turns the phrase above into concrete actions&#10;    throw new io.cucumber.java.PendingException();&#10;}&#10;@當(&quot;稽核人員查詢異常情況記錄&quot;)&#10;public void 稽核人員查詢異常情況記錄() {&#10;    // Write code here that turns the phrase above into concrete actions&#10;    throw new io.cucumber.java.PendingException();&#10;}&#10;@當(&quot;指定查詢時間範圍和異常類型&quot;)&#10;public void 指定查詢時間範圍和異常類型() {&#10;    // Write code here that turns the phrase above into concrete actions&#10;    throw new io.cucumber.java.PendingException();&#10;}&#10;@那麼(&quot;應該返回所有相關的異常記錄&quot;)&#10;public void 應該返回所有相關的異常記錄() {&#10;    // Write code here that turns the phrase above into concrete actions&#10;    throw new io.cucumber.java.PendingException();&#10;}&#10;@那麼(&quot;每個異常記錄應該包含詳細的錯誤資訊&quot;)&#10;public void 每個異常記錄應該包含詳細的錯誤資訊() {&#10;    // Write code here that turns the phrase above into concrete actions&#10;    throw new io.cucumber.java.PendingException();&#10;}&#10;@那麼(&quot;記錄應該包含異常發生的上下文&quot;)&#10;public void 記錄應該包含異常發生的上下文() {&#10;    // Write code here that turns the phrase above into concrete actions&#10;    throw new io.cucumber.java.PendingException();&#10;}&#10;@那麼(&quot;記錄應該包含系統的處理方式&quot;)&#10;public void 記錄應該包含系統的處理方式() {&#10;    // Write code here that turns the phrase above into concrete actions&#10;    throw new io.cucumber.java.PendingException();&#10;}&#10;@那麼(&quot;記錄應該包含對客戶的影響評估&quot;)&#10;public void 記錄應該包含對客戶的影響評估() {&#10;    // Write code here that turns the phrase above into concrete actions&#10;    throw new io.cucumber.java.PendingException();&#10;}&#10;@那麼(&quot;異常記錄應該可以用於問題分析和改進&quot;)&#10;public void 異常記錄應該可以用於問題分析和改進() {&#10;    // Write code here that turns the phrase above into concrete actions&#10;    throw new io.cucumber.java.PendingException();&#10;}&#10;" type="io.cucumber.junit.platform.engine.UndefinedStepException">io.cucumber.junit.platform.engine.UndefinedStepException: The step '系統在處理過程中發生了多種異常情況' and 9 other step(s) are undefined.
You can implement these steps using the snippet(s) below:

@假設(&quot;系統在處理過程中發生了多種異常情況&quot;)
public void 系統在處理過程中發生了多種異常情況() {
    // Write code here that turns the phrase above into concrete actions
    throw new io.cucumber.java.PendingException();
}
@假設(&quot;包含外部系統超時、資料驗證錯誤和業務規則異常&quot;)
public void 包含外部系統超時_資料驗證錯誤和業務規則異常() {
    // Write code here that turns the phrase above into concrete actions
    throw new io.cucumber.java.PendingException();
}
@當(&quot;稽核人員查詢異常情況記錄&quot;)
public void 稽核人員查詢異常情況記錄() {
    // Write code here that turns the phrase above into concrete actions
    throw new io.cucumber.java.PendingException();
}
@當(&quot;指定查詢時間範圍和異常類型&quot;)
public void 指定查詢時間範圍和異常類型() {
    // Write code here that turns the phrase above into concrete actions
    throw new io.cucumber.java.PendingException();
}
@那麼(&quot;應該返回所有相關的異常記錄&quot;)
public void 應該返回所有相關的異常記錄() {
    // Write code here that turns the phrase above into concrete actions
    throw new io.cucumber.java.PendingException();
}
@那麼(&quot;每個異常記錄應該包含詳細的錯誤資訊&quot;)
public void 每個異常記錄應該包含詳細的錯誤資訊() {
    // Write code here that turns the phrase above into concrete actions
    throw new io.cucumber.java.PendingException();
}
@那麼(&quot;記錄應該包含異常發生的上下文&quot;)
public void 記錄應該包含異常發生的上下文() {
    // Write code here that turns the phrase above into concrete actions
    throw new io.cucumber.java.PendingException();
}
@那麼(&quot;記錄應該包含系統的處理方式&quot;)
public void 記錄應該包含系統的處理方式() {
    // Write code here that turns the phrase above into concrete actions
    throw new io.cucumber.java.PendingException();
}
@那麼(&quot;記錄應該包含對客戶的影響評估&quot;)
public void 記錄應該包含對客戶的影響評估() {
    // Write code here that turns the phrase above into concrete actions
    throw new io.cucumber.java.PendingException();
}
@那麼(&quot;異常記錄應該可以用於問題分析和改進&quot;)
public void 異常記錄應該可以用於問題分析和改進() {
    // Write code here that turns the phrase above into concrete actions
[...]
  ?[32m而且?[0m?[32m客戶年收入為 ?[0m?[32m?[1m300000?[0m?[32m 元?[0m              ?[90m# com.bank.promotion.bdd.steps.StrategyPatternSteps.客戶年收入為元(int)?[0m
  ?[32m而且?[0m?[32m策略參數設定階層式折扣規則?[0m                ?[90m# com.bank.promotion.bdd.steps.StrategyPatternSteps.策略參數設定階層式折扣規則()?[0m
  ?[32m當?[0m?[32m執行策略計算?[0m                        ?[90m# com.bank.promotion.bdd.steps.StrategyPatternSteps.執行策略計算()?[0m
  ?[32m而且?[0m?[32m建立優惠結果?[0m                       ?[90m# com.bank.promotion.bdd.steps.StrategyPatternSteps.建立優惠結果()?[0m
  ?[32m那麼?[0m?[32m計算結果應該為 ?[0m?[32m?[1m0.0?[0m?[32m 元?[0m                ?[90m# com.bank.promotion.bdd.steps.StrategyPatternSteps.計算結果應該為元(double)?[0m

場景: 固定金額策略 - 符合最低購買要求          ?[90m# features/strategy-pattern-execution.feature:76?[0m
  ?[32m假設?[0m?[32m系統已初始化測試資料?[0m                 ?[90m# com.bank.promotion.bdd.steps.PromotionEvaluationSteps.系統已初始化測試資料()?[0m
  ?[32m而且?[0m?[32m稽核追蹤機制已啟用?[0m                  ?[90m# com.bank.promotion.bdd.steps.PromotionEvaluationSteps.稽核追蹤機制已啟用()?[0m
  ?[32m假設?[0m?[32m系統配置了 ?[0m?[32m?[1m"FIXED_AMOUNT"?[0m?[32m 計算策略?[0m  ?[90m# com.bank.promotion.bdd.steps.StrategyPatternSteps.系統配置了計算策略(java.lang.String)?[0m
  ?[32m而且?[0m?[32m客戶年收入為 ?[0m?[32m?[1m800000?[0m?[32m 元?[0m            ?[90m# com.bank.promotion.bdd.steps.StrategyPatternSteps.客戶年收入為元(int)?[0m
  ?[32m而且?[0m?[32m策略參數設定固定優惠金額為 ?[0m?[32m?[1m5000?[0m?[32m 元?[0m       ?[90m# com.bank.promotion.bdd.steps.StrategyPatternSteps.策略參數設定固定優惠金額為元(int)?[0m
  ?[32m而且?[0m?[32m策略參數設定最低購買金額為 ?[0m?[32m?[1m50000?[0m?[32m 元?[0m      ?[90m# com.bank.promotion.bdd.steps.StrategyPatternSteps.策略參數設定最低購買金額為元(int)?[0m
  ?[32m而且?[0m?[32m策略參數設定優惠名稱為 ?[0m?[32m?[1m"新戶開戶優惠"?[0m       ?[90m# com.bank.promotion.bdd.steps.StrategyPatternSteps.策略參數設定優惠名稱為(java.lang.String)?[0m
  ?[32m當?[0m?[32m執行策略計算?[0m                      ?[90m# com.bank.promotion.bdd.steps.StrategyPatternSteps.執行策略計算()?[0m
  ?[32m而且?[0m?[32m建立優惠結果?[0m                     ?[90m# com.bank.promotion.bdd.steps.StrategyPatternSteps.建立優惠結果()?[0m
  ?[32m那麼?[0m?[32m計算結果應該為 ?[0m?[32m?[1m5000.0?[0m?[32m 元?[0m           ?[90m# com.bank.promotion.bdd.steps.StrategyPatternSteps.計算結果應該為元(double)?[0m
  ?[32m而且?[0m?[32m優惠結果應該標示為符合條件?[0m              ?[90m# com.bank.promotion.bdd.steps.StrategyPatternSteps.優惠結果應該標示為符合條件()?[0m
  ?[32m而且?[0m?[32m優惠結果的折扣百分比應該為空?[0m             ?[90m# com.bank.promotion.bdd.steps.StrategyPatternSteps.優惠結果的折扣百分比應該為空()?[0m
  ?[32m而且?[0m?[32m優惠結果描述應該包含 ?[0m?[32m?[1m"固定金額優惠 5000 元"?[0m ?[90m# com.bank.promotion.bdd.steps.StrategyPatternSteps.優惠結果描述應該包含(java.lang.String)?[0m

場景: 固定金額策略 - 不符合最低購買要求        ?[90m# features/strategy-pattern-execution.feature:89?[0m
  ?[32m假設?[0m?[32m系統已初始化測試資料?[0m                ?[90m# com.bank.promotion.bdd.steps.PromotionEvaluationSteps.系統已初始化測試資料()?[0m
  ?[32m而且?[0m?[32m稽核追蹤機制已啟用?[0m                 ?[90m# com.bank.promotion.bdd.steps.PromotionEvaluationSteps.稽核追蹤機制已啟用()?[0m
  ?[32m假設?[0m?[32m系統配置了 ?[0m?[32m?[1m"FIXED_AMOUNT"?[0m?[32m 計算策略?[0m ?[90m# com.bank.promotion.bdd.steps.StrategyPatternSteps.系統配置了計算策略(java.lang.String)?[0m
  ?[32m而且?[0m?[32m客戶年收入為 ?[0m?[32m?[1m300000?[0m?[32m 元?[0m           ?[90m# com.bank.promotion.bdd.steps.StrategyPatternSteps.客戶年收入為元(int)?[0m
  ?[32m而且?[0m?[32m策略參數設定固定優惠金額為 ?[0m?[32m?[1m5000?[0m?[32m 元?[0m      ?[90m# com.bank.promotion.bdd.steps.StrategyPatternSteps.策略參數設定固定優惠金額為元(int)?[0m
  ?[32m而且?[0m?[32m策略參數設定最低購買金額為 ?[0m?[32m?[1m100000?[0m?[32m 元?[0m    ?[90m# com.bank.promotion.bdd.steps.StrategyPatternSteps.策略參數設定最低購買金額為元(int)?[0m
  ?[32m當?[0m?[32m執行策略計算?[0m                     ?[90m# com.bank.promotion.bdd.steps.StrategyPatternSteps.執行策略計算()?[0m
  ?[32m而且?[0m?[32m建立優惠結果?[0m                    ?[90m# com.bank.promotion.bdd.steps.StrategyPatternSteps.建立優惠結果()?[0m
  ?[32m那麼?[0m?[32m計算結果應該為 ?[0m?[32m?[1m0.0?[0m?[32m 元?[0m             ?[90m# com.bank.promotion.bdd.steps.StrategyPatternSteps.計算結果應該為元(double)?[0m
  ?[32m而且?[0m?[32m優惠結果應該標示為不符合條件?[0m            ?[90m# com.bank.promotion.bdd.steps.StrategyPatternSteps.優惠結果應該標示為不符合條件()?[0m
  ?[32m而且?[0m?[32m優惠結果描述應該包含 ?[0m?[32m?[1m"不符合最低購買金額要求"?[0m  ?[90m# com.bank.promotion.bdd.steps.StrategyPatternSteps.優惠結果描述應該包含(java.lang.String)?[0m

場景: 策略參數驗證 - 有效參數                    ?[90m# features/strategy-pattern-execution.feature:100?[0m
  ?[32m假設?[0m?[32m系統已初始化測試資料?[0m                       ?[90m# com.bank.promotion.bdd.steps.PromotionEvaluationSteps.系統已初始化測試資料()?[0m
  ?[32m而且?[0m?[32m稽核追蹤機制已啟用?[0m                        ?[90m# com.bank.promotion.bdd.steps.PromotionEvaluationSteps.稽核追蹤機制已啟用()?[0m
  ?[32m假設?[0m?[32m系統配置了 ?[0m?[32m?[1m"PERCENTAGE_DISCOUNT"?[0m?[32m 計算策略?[0m ?[90m# com.bank.promotion.bdd.steps.StrategyPatternSteps.系統配置了計算策略(java.lang.String)?[0m
  ?[32m而且?[0m?[32m策略參數設定折扣百分比為 ?[0m?[32m?[1m15.0?[0m?[32m%?[0m               ?[90m# com.bank.promotion.bdd.steps.StrategyPatternSteps.策略參數設定折扣百分比為(double)?[0m
  ?[32m而且?[0m?[32m策略參數設定基準金額為 ?[0m?[32m?[1m100000?[0m?[32m 元?[0m             ?[90m# com.bank.promotion.bdd.steps.StrategyPatternSteps.策略參數設定基準金額為元(int)?[0m
  ?[32m當?[0m?[32m驗證策略參數?[0m                            ?[90m# com.bank.promotion.bdd.steps.StrategyPatternSteps.驗證策略參數()?[0m
  ?[32m那麼?[0m?[32m參數驗證應該通過?[0m                         ?[90m# com.bank.promotion.bdd.steps.StrategyPatternSteps.參數驗證應該通過()?[0m

場景: 策略參數驗證 - 無效參數                    ?[90m# features/strategy-pattern-execution.feature:107?[0m
  ?[32m假設?[0m?[32m系統已初始化測試資料?[0m                       ?[90m# com.bank.promotion.bdd.steps.PromotionEvaluationSteps.系統已初始化測試資料()?[0m
  ?[32m而且?[0m?[32m稽核追蹤機制已啟用?[0m                        ?[90m# com.bank.promotion.bdd.steps.PromotionEvaluationSteps.稽核追蹤機制已啟用()?[0m
  ?[32m假設?[0m?[32m系統配置了 ?[0m?[32m?[1m"PERCENTAGE_DISCOUNT"?[0m?[32m 計算策略?[0m ?[90m# com.bank.promotion.bdd.steps.StrategyPatternSteps.系統配置了計算策略(java.lang.String)?[0m
  ?[32m當?[0m?[32m使用無效的策略參數?[0m                         ?[90m# com.bank.promotion.bdd.steps.StrategyPatternSteps.使用無效的策略參數()?[0m
  ?[32m而且?[0m?[32m驗證策略參數?[0m                           ?[90m# com.bank.promotion.bdd.steps.StrategyPatternSteps.驗證策略參數()?[0m
  ?[32m那麼?[0m?[32m參數驗證應該失敗?[0m                         ?[90m# com.bank.promotion.bdd.steps.StrategyPatternSteps.參數驗證應該失敗()?[0m

場景: 策略計算異常處理                         ?[90m# features/strategy-pattern-execution.feature:113?[0m
  ?[32m假設?[0m?[32m系統已初始化測試資料?[0m                       ?[90m# com.bank.promotion.bdd.steps.PromotionEvaluationSteps.系統已初始化測試資料()?[0m
  ?[32m而且?[0m?[32m稽核追蹤機制已啟用?[0m                        ?[90m# com.bank.promotion.bdd.steps.PromotionEvaluationSteps.稽核追蹤機制已啟用()?[0m
  ?[32m假設?[0m?[32m系統配置了 ?[0m?[32m?[1m"PERCENTAGE_DISCOUNT"?[0m?[32m 計算策略?[0m ?[90m# com.bank.promotion.bdd.steps.StrategyPatternSteps.系統配置了計算策略(java.lang.String)?[0m
  ?[32m而且?[0m?[32m客戶年收入為 ?[0m?[32m?[1m1000000?[0m?[32m 元?[0m                 ?[90m# com.bank.promotion.bdd.steps.StrategyPatternSteps.客戶年收入為元(int)?[0m
  ?[32m當?[0m?[32m使用無效的策略參數?[0m                         ?[90m# com.bank.promotion.bdd.steps.StrategyPatternSteps.使用無效的策略參數()?[0m
  ?[32m而且?[0m?[32m執行策略計算?[0m                           ?[90m# com.bank.promotion.bdd.steps.StrategyPatternSteps.執行策略計算()?[0m
  ?[32m那麼?[0m?[32m應該拋出參數驗證異常?[0m                       ?[90m# com.bank.promotion.bdd.steps.StrategyPatternSteps.應該拋出參數驗證異常()?[0m

場景: 外部系統連線超時處理              ?[90m# features/system-error-handling.feature:12?[0m
  ?[32m假設?[0m?[32m系統已啟動並運行正常?[0m              ?[90m# com.bank.promotion.bdd.steps.SystemErrorHandlingSteps.系統已啟動並運行正常()?[0m
  ?[32m而且?[0m?[32m錯誤追蹤機制已啟用?[0m               ?[90m# com.bank.promotion.bdd.steps.SystemErrorHandlingSteps.錯誤追蹤機制已啟用()?[0m
  ?[32m而且?[0m?[32m異常處理服務已準備就緒?[0m             ?[90m# com.bank.promotion.bdd.steps.SystemErrorHandlingSteps.異常處理服務已準備就緒()?[0m
  ?[32m假設?[0m?[32m客戶 ?[0m?[32m?[1m"CUST001"?[0m?[32m 提交系統錯誤處理請求?[0m ?[90m# com.bank.promotion.bdd.steps.SystemErrorHandlingSteps.客戶提交系統錯誤處理請求(java.lang.String)?[0m
  ?[32m而且?[0m?[32m外部信用評等系統回應時間超過 ?[0m?[32m?[1m5?[0m?[32m 秒?[0m      ?[90m# com.bank.promotion.bdd.steps.SystemErrorHandlingSteps.外部信用評等系統回應時間超過秒(int)?[0m
  ?[32m當?[0m?[32m系統嘗試呼叫外部信用評等系統?[0m           ?[90m# com.bank.promotion.bdd.steps.SystemErrorHandlingSteps.系統嘗試呼叫外部信用評等系統()?[0m
  ?[32m而且?[0m?[32m系統檢測到連線超時?[0m               ?[90m# com.bank.promotion.bdd.steps.SystemErrorHandlingSteps.系統檢測到連線超時()?[0m
  ?[32m而且?[0m?[32m系統啟動超時處理機制?[0m              ?[90m# com.bank.promotion.bdd.steps.SystemErrorHandlingSteps.系統啟動超時處理機制()?[0m
  ?[32m而且?[0m?[32m系統記錄外部系統超時事件?[0m            ?[90m# com.bank.promotion.bdd.steps.SystemErrorHandlingSteps.系統記錄外部系統超時事件()?[0m
  ?[32m而且?[0m?[32m系統啟用降級策略使用預設信用評等?[0m        ?[90m# com.bank.promotion.bdd.steps.SystemErrorHandlingSteps.系統啟用降級策略使用預設信用評等()?[0m
  ?[32m那麼?[0m?[32m系統應該使用預設信用評等 ?[0m?[32m?[1m"B"?[0m        ?[90m# com.bank.promotion.bdd.steps.SystemErrorHandlingSteps.系統應該使用預設信用評等(java.lang.String)?[0m
  ?[32m而且?[0m?[32m優惠評估流程應該繼續執行?[0m            ?[90m# com.bank.promotion.bdd.steps.SystemErrorHandlingSteps.優惠評估流程應該繼續執行()?[0m
  ?[32m而且?[0m?[32m系統應該記錄降級策略執行事件?[0m          ?[90m# com.bank.promotion.bdd.steps.SystemErrorHandlingSteps.系統應該記錄降級策略執行事件()?[0m
  ?[32m而且?[0m?[32m錯誤追蹤應該包含超時詳細資訊?[0m          ?[90m# com.bank.promotion.bdd.steps.SystemErrorHandlingSteps.錯誤追蹤應該包含超時詳細資訊()?[0m
  ?[32m而且?[0m?[32m錯誤追蹤應該包含降級策略使用記錄?[0m        ?[90m# com.bank.promotion.bdd.steps.SystemErrorHandlingSteps.錯誤追蹤應該包含降級策略使用記錄()?[0m
  ?[32m而且?[0m?[32m客戶應該仍能收到有效的優惠結果?[0m         ?[90m# com.bank.promotion.bdd.steps.SystemErrorHandlingSteps.客戶應該仍能收到有效的優惠結果()?[0m

場景: 資料庫連線異常處理         ?[90m# features/system-error-handling.feature:27?[0m
  ?[32m假設?[0m?[32m系統已啟動並運行正常?[0m        ?[90m# com.bank.promotion.bdd.steps.SystemErrorHandlingSteps.系統已啟動並運行正常()?[0m
  ?[32m而且?[0m?[32m錯誤追蹤機制已啟用?[0m         ?[90m# com.bank.promotion.bdd.steps.SystemErrorHandlingSteps.錯誤追蹤機制已啟用()?[0m
  ?[32m而且?[0m?[32m異常處理服務已準備就緒?[0m       ?[90m# com.bank.promotion.bdd.steps.SystemErrorHandlingSteps.異常處理服務已準備就緒()?[0m
  ?[32m假設?[0m?[32m系統正在處理客戶優惠評估請求?[0m    ?[90m# com.bank.promotion.bdd.steps.SystemErrorHandlingSteps.系統正在處理客戶優惠評估請求()?[0m
  ?[32m而且?[0m?[32m資料庫連線突然中斷?[0m         ?[90m# com.bank.promotion.bdd.steps.SystemErrorHandlingSteps.資料庫連線突然中斷()?[0m
  ?[32m當?[0m?[32m系統嘗試查詢決策樹配置?[0m        ?[90m# com.bank.promotion.bdd.steps.SystemErrorHandlingSteps.系統嘗試查詢決策樹配置()?[0m
  ?[32m而且?[0m?[32m系統檢測到資料庫連線異常?[0m      ?[90m# com.bank.promotion.bdd.steps.SystemErrorHandlingSteps.系統檢測到資料庫連線異常()?[0m
  ?[32m而且?[0m?[32m系統啟動資料庫重連機制?[0m       ?[90m# com.bank.promotion.bdd.steps.SystemErrorHandlingSteps.系統啟動資料庫重連機制()?[0m
  ?[32m而且?[0m?[32m系統記錄資料庫異常事件?[0m       ?[90m# com.bank.promotion.bdd.steps.SystemErrorHandlingSteps.系統記錄資料庫異常事件()?[0m
  ?[32m而且?[0m?[32m系統嘗試使用快取中的配置資料?[0m    ?[90m# com.bank.promotion.bdd.steps.SystemErrorHandlingSteps.系統嘗試使用快取中的配置資料()?[0m
  ?[32m那麼?[0m?[32m系統應該成功從快取載入決策樹配置?[0m  ?[90m# com.bank.promotion.bdd.steps.SystemErrorHandlingSteps.系統應該成功從快取載入決策樹配置()?[0m
  ?[32m而且?[0m?[32m優惠評估流程應該正常完成?[0m      ?[90m# com.bank.promotion.bdd.steps.SystemErrorHandlingSteps.優惠評估流程應該正常完成()?[0m
  ?[32m而且?[0m?[32m系統應該在背景重新建立資料庫連線?[0m  ?[90m# com.bank.promotion.bdd.steps.SystemErrorHandlingSteps.系統應該在背景重新建立資料庫連線()?[0m
  ?[32m而且?[0m?[32m錯誤追蹤應該記錄異常發生時間和原因?[0m ?[90m# com.bank.promotion.bdd.steps.SystemErrorHandlingSteps.錯誤追蹤應該記錄異常發生時間和原因()?[0m
  ?[32m而且?[0m?[32m錯誤追蹤應該記錄快取使用情況?[0m    ?[90m# com.bank.promotion.bdd.steps.SystemErrorHandlingSteps.錯誤追蹤應該記錄快取使用情況()?[0m
  ?[32m而且?[0m?[32m系統應該在連線恢復後同步資料?[0m    ?[90m# com.bank.promotion.bdd.steps.SystemErrorHandlingSteps.系統應該在連線恢復後同步資料()?[0m

場景: 決策樹執行異常處理                              ?[90m# features/system-error-handling.feature:42?[0m
  ?[32m假設?[0m?[32m系統已啟動並運行正常?[0m                             ?[90m# com.bank.promotion.bdd.steps.SystemErrorHandlingSteps.系統已啟動並運行正常()?[0m
  ?[32m而且?[0m?[32m錯誤追蹤機制已啟用?[0m                              ?[90m# com.bank.promotion.bdd.steps.SystemErrorHandlingSteps.錯誤追蹤機制已啟用()?[0m
  ?[32m而且?[0m?[32m異常處理服務已準備就緒?[0m                            ?[90m# com.bank.promotion.bdd.steps.SystemErrorHandlingSteps.異常處理服務已準備就緒()?[0m
  ?[32m假設?[0m?[32m決策樹 ?[0m?[32m?[1m"VIP_PROMOTION"?[0m?[32m 包含錯誤的 SpEL 表達式?[0m     ?[90m# com.bank.promotion.bdd.steps.SystemErrorHandlingSteps.決策樹包含錯誤的SpEL表達式(java.lang.String)?[0m
  ?[32m而且?[0m?[32mSpEL 表達式為 ?[0m?[32m?[1m"customer.income / 0"?[0m?[32m (除零錯誤)?[0m ?[90m# com.bank.promotion.bdd.steps.SystemErrorHandlingSteps.SpEL表達式為除零錯誤(java.lang.String)?[0m
  ?[32m當?[0m?[32m系統執行到該 SpEL 表達式節點?[0m                       ?[90m# com.bank.promotion.bdd.steps.SystemErrorHandlingSteps.系統執行到該SpEL表達式節點()?[0m
  ?[32m而且?[0m?[32m系統檢測到運算異常?[0m                              ?[90m# com.bank.promotion.bdd.steps.SystemErrorHandlingSteps.系統檢測到運算異常()?[0m
  ?[31m而且?[0m?[31m系統記錄 SpEL 執行錯誤事件?[0m                       ?[90m# com.bank.promotion.bdd.steps.SystemErrorHandlingSteps.系統記錄SpEL執行錯誤事件()?[0m
      ?[31mjava.lang.NullPointerException
	at java.base/java.util.Objects.requireNonNull(Objects.java:209)
	at java.base/java.util.ImmutableCollections$MapN.<init>(ImmutableCollections.java:1186)
	at java.base/java.util.Map.of(Map.java:1373)
	at com.bank.promotion.bdd.steps.SystemErrorHandlingSteps.系統記錄SpEL執行錯誤事件(SystemErrorHandlingSteps.java:277)
	at ✽.系統記錄 SpEL 執行錯誤事件(classpath:features/system-error-handling.feature:47)
?[0m
  ?[36m而且?[0m?[36m系統啟動異常節點處理機制?[0m                           ?[90m# com.bank.promotion.bdd.steps.SystemErrorHandlingSteps.系統啟動異常節點處理機制()?[0m
  ?[36m而且?[0m?[36m系統跳過錯誤節點並使用預設值?[0m                         ?[90m# com.bank.promotion.bdd.steps.SystemErrorHandlingSteps.系統跳過錯誤節點並使用預設值()?[0m
  ?[36m那麼?[0m?[36m系統應該使用預設計算結果?[0m                           ?[90m# com.bank.promotion.bdd.steps.SystemErrorHandlingSteps.系統應該使用預設計算結果()?[0m
  ?[36m而且?[0m?[36m優惠評估應該返回基礎優惠方案?[0m                         ?[90m# com.bank.promotion.bdd.steps.SystemErrorHandlingSteps.優惠評估應該返回基礎優惠方案()?[0m
  ?[36m而且?[0m?[36m系統應該記錄節點執行異常事件?[0m                         ?[90m# com.bank.promotion.bdd.steps.SystemErrorHandlingSteps.系統應該記錄節點執行異常事件()?[0m
  ?[36m而且?[0m?[36m錯誤追蹤應該包含 SpEL 表達式內容?[0m                    ?[90m# com.bank.promotion.bdd.steps.SystemErrorHandlingSteps.錯誤追蹤應該包含SpEL表達式內容()?[0m
  ?[36m而且?[0m?[36m錯誤追蹤應該包含異常堆疊資訊?[0m                         ?[90m# com.bank.promotion.bdd.steps.SystemErrorHandlingSteps.錯誤追蹤應該包含異常堆疊資訊()?[0m
  ?[36m而且?[0m?[36m系統應該通知管理員檢查決策樹配置?[0m                       ?[90m# com.bank.promotion.bdd.steps.SystemErrorHandlingSteps.系統應該通知管理員檢查決策樹配置()?[0m

場景: Drools 規則執行錯誤處理        ?[90m# features/system-error-handling.feature:57?[0m
  ?[32m假設?[0m?[32m系統已啟動並運行正常?[0m             ?[90m# com.bank.promotion.bdd.steps.SystemErrorHandlingSteps.系統已啟動並運行正常()?[0m
  ?[32m而且?[0m?[32m錯誤追蹤機制已啟用?[0m              ?[90m# com.bank.promotion.bdd.steps.SystemErrorHandlingSteps.錯誤追蹤機制已啟用()?[0m
  ?[32m而且?[0m?[32m異常處理服務已準備就緒?[0m            ?[90m# com.bank.promotion.bdd.steps.SystemErrorHandlingSteps.異常處理服務已準備就緒()?[0m
  ?[33m假設?[0m?[33mDrools 規則引擎載入了語法錯誤的規則?[0m
  ?[36m而且?[0m?[36m規則內容包含未定義的變數引用?[0m
  ?[36m當?[0m?[36m系統嘗試執行 Drools 規則?[0m
  ?[36m而且?[0m?[36mDrools 引擎拋出規則執行異常?[0m
  ?[36m而且?[0m?[36m系統捕獲 Drools 異常?[0m
  ?[36m而且?[0m?[36m系統記錄規則執行錯誤事件?[0m
  ?[36m而且?[0m?[36m系統啟用規則降級策略?[0m
  ?[36m那麼?[0m?[36m系統應該使用備用規則或預設邏輯?[0m
  ?[36m而且?[0m?[36m優惠評估流程應該繼續執行?[0m           ?[90m# com.bank.promotion.bdd.steps.SystemErrorHandlingSteps.優惠評估流程應該繼續執行()?[0m
  ?[36m而且?[0m?[36m系統應該記錄規則降級事件?[0m
  ?[36m而且?[0m?[36m錯誤追蹤應該包含規則內容和錯誤詳情?[0m
  ?[36m而且?[0m?[36m錯誤追蹤應該包含 Drools 異常堆疊?[0m
  ?[36m而且?[0m?[36m系統應該標記問題規則為 "ERROR" 狀態?[0m

場景: 記憶體不足異常處理         ?[90m# features/system-error-handling.feature:72?[0m
  ?[32m假設?[0m?[32m系統已啟動並運行正常?[0m        ?[90m# com.bank.promotion.bdd.steps.SystemErrorHandlingSteps.系統已啟動並運行正常()?[0m
  ?[32m而且?[0m?[32m錯誤追蹤機制已啟用?[0m         ?[90m# com.bank.promotion.bdd.steps.SystemErrorHandlingSteps.錯誤追蹤機制已啟用()?[0m
  ?[32m而且?[0m?[32m異常處理服務已準備就緒?[0m       ?[90m# com.bank.promotion.bdd.steps.SystemErrorHandlingSteps.異常處理服務已準備就緒()?[0m
  ?[33m假設?[0m?[33m系統處理大量並發請求?[0m
  ?[36m而且?[0m?[36mJVM 記憶體使用率達到 95%?[0m
  ?[36m當?[0m?[36m系統檢測到記憶體不足警告?[0m
  ?[36m而且?[0m?[36m系統啟動記憶體保護機制?[0m
  ?[36m而且?[0m?[36m系統記錄記憶體不足事件?[0m
  ?[36m而且?[0m?[36m系統開始清理不必要的快取?[0m
  ?[36m而且?[0m?[36m系統限制新請求的處理?[0m
  ?[36m那麼?[0m?[36m系統應該成功釋放部分記憶體?[0m
  ?[36m而且?[0m?[36m記憶體使用率應該降到 85% 以下?[0m
  ?[36m而且?[0m?[36m系統應該記錄記憶體清理事件?[0m
  ?[36m而且?[0m?[36m錯誤追蹤應該包含記憶體使用統計?[0m
  ?[36m而且?[0m?[36m錯誤追蹤應該包含清理操作詳情?[0m
  ?[36m而且?[0m?[36m系統應該逐步恢復正常請求處理?[0m

場景: 並發衝突異常處理            ?[90m# features/system-error-handling.feature:87?[0m
  ?[32m假設?[0m?[32m系統已啟動並運行正常?[0m          ?[90m# com.bank.promotion.bdd.steps.SystemErrorHandlingSteps.系統已啟動並運行正常()?[0m
  ?[32m而且?[0m?[32m錯誤追蹤機制已啟用?[0m           ?[90m# com.bank.promotion.bdd.steps.SystemErrorHandlingSteps.錯誤追蹤機制已啟用()?[0m
  ?[32m而且?[0m?[32m異常處理服務已準備就緒?[0m         ?[90m# com.bank.promotion.bdd.steps.SystemErrorHandlingSteps.異常處理服務已準備就緒()?[0m
  ?[33m假設?[0m?[33m多個管理員同時更新同一個決策樹配置?[0m
  ?[36m而且?[0m?[36m發生樂觀鎖衝突?[0m
  ?[36m當?[0m?[36m第二個管理員提交更新請求?[0m
  ?[36m而且?[0m?[36m系統檢測到版本衝突?[0m
  ?[36m而且?[0m?[36m系統記錄並發衝突事件?[0m
  ?[36m而且?[0m?[36m系統拒絕第二個更新請求?[0m
  ?[36m而且?[0m?[36m系統提供衝突解決建議?[0m
  ?[36m那麼?[0m?[36m第二個更新應該被拒絕?[0m
  ?[36m而且?[0m?[36m錯誤訊息應該說明衝突原因?[0m
  ?[36m而且?[0m?[36m系統應該提供最新版本資訊?[0m
  ?[36m而且?[0m?[36m錯誤追蹤應該記錄衝突的詳細資訊?[0m
  ?[36m而且?[0m?[36m錯誤追蹤應該包含兩個衝突版本的對比?[0m
  ?[36m而且?[0m?[36m管理員應該能重新載入最新版本後再次更新?[0m

場景: 系統過載保護機制             ?[90m# features/system-error-handling.feature:102?[0m
  ?[32m假設?[0m?[32m系統已啟動並運行正常?[0m           ?[90m# com.bank.promotion.bdd.steps.SystemErrorHandlingSteps.系統已啟動並運行正常()?[0m
  ?[32m而且?[0m?[32m錯誤追蹤機制已啟用?[0m            ?[90m# com.bank.promotion.bdd.steps.SystemErrorHandlingSteps.錯誤追蹤機制已啟用()?[0m
  ?[32m而且?[0m?[32m異常處理服務已準備就緒?[0m          ?[90m# com.bank.promotion.bdd.steps.SystemErrorHandlingSteps.異常處理服務已準備就緒()?[0m
  ?[33m假設?[0m?[33m系統在1分鐘內接收到超過1000個請求?[0m
  ?[36m而且?[0m?[36m系統CPU使用率超過90%?[0m
  ?[36m當?[0m?[36m系統檢測到過載情況?[0m
  ?[36m而且?[0m?[36m系統啟動流量控制機制?[0m
  ?[36m而且?[0m?[36m系統記錄系統過載事件?[0m
  ?[36m而且?[0m?[36m系統開始拒絕部分新請求?[0m
  ?[36m而且?[0m?[36m系統返回 "系統繁忙，請稍後再試" 訊息?[0m
  ?[36m那麼?[0m?[36m系統應該維持穩定運行?[0m
  ?[36m而且?[0m?[36mCPU使用率應該逐漸降低?[0m
  ?[36m而且?[0m?[36m系統應該記錄流量控制事件?[0m
  ?[36m而且?[0m?[36m錯誤追蹤應該包含系統負載統計?[0m
  ?[36m而且?[0m?[36m錯誤追蹤應該包含拒絕請求的數量?[0m
  ?[36m而且?[0m?[36m系統應該在負載降低後自動恢復正常?[0m

場景: 資料完整性異常處理        ?[90m# features/system-error-handling.feature:117?[0m
  ?[32m假設?[0m?[32m系統已啟動並運行正常?[0m       ?[90m# com.bank.promotion.bdd.steps.SystemErrorHandlingSteps.系統已啟動並運行正常()?[0m
  ?[32m而且?[0m?[32m錯誤追蹤機制已啟用?[0m        ?[90m# com.bank.promotion.bdd.steps.SystemErrorHandlingSteps.錯誤追蹤機制已啟用()?[0m
  ?[32m而且?[0m?[32m異常處理服務已準備就緒?[0m      ?[90m# com.bank.promotion.bdd.steps.SystemErrorHandlingSteps.異常處理服務已準備就緒()?[0m
  ?[33m假設?[0m?[33m系統檢測到決策樹配置資料不一致?[0m
  ?[36m而且?[0m?[36m資料庫中的節點關係出現孤立節點?[0m
  ?[36m當?[0m?[36m系統執行資料完整性檢查?[0m
  ?[36m而且?[0m?[36m系統發現資料不一致問題?[0m
  ?[36m而且?[0m?[36m系統記錄資料完整性異常事件?[0m
  ?[36m而且?[0m?[36m系統啟動資料修復機制?[0m
  ?[36m而且?[0m?[36m系統嘗試自動修復資料關係?[0m
  ?[36m那麼?[0m?[36m系統應該成功修復資料不一致問題?[0m
  ?[36m而且?[0m?[36m決策樹結構應該恢復完整性?[0m
  ?[36m而且?[0m?[36m系統應該記錄資料修復事件?[0m
  ?[36m而且?[0m?[36m錯誤追蹤應該包含不一致資料的詳情?[0m
  ?[36m而且?[0m?[36m錯誤追蹤應該包含修復操作的步驟?[0m
  ?[36m而且?[0m?[36m系統應該通知管理員檢查資料品質?[0m

場景: 緊急停機和恢復處理        ?[90m# features/system-error-handling.feature:132?[0m
  ?[32m假設?[0m?[32m系統已啟動並運行正常?[0m       ?[90m# com.bank.promotion.bdd.steps.SystemErrorHandlingSteps.系統已啟動並運行正常()?[0m
  ?[32m而且?[0m?[32m錯誤追蹤機制已啟用?[0m        ?[90m# com.bank.promotion.bdd.steps.SystemErrorHandlingSteps.錯誤追蹤機制已啟用()?[0m
  ?[32m而且?[0m?[32m異常處理服務已準備就緒?[0m      ?[90m# com.bank.promotion.bdd.steps.SystemErrorHandlingSteps.異常處理服務已準備就緒()?[0m
  ?[33m假設?[0m?[33m系統需要緊急停機進行維護?[0m
  ?[36m而且?[0m?[36m當前有正在處理的客戶請求?[0m
  ?[36m當?[0m?[36m管理員觸發緊急停機程序?[0m
  ?[36m而且?[0m?[36m系統開始優雅關閉流程?[0m
  ?[36m而且?[0m?[36m系統停止接受新請求?[0m
  ?[36m而且?[0m?[36m系統等待現有請求完成處理?[0m
  ?[36m而且?[0m?[36m系統記錄緊急停機事件?[0m
  ?[36m而且?[0m?[36m系統儲存所有未完成的請求狀態?[0m
  ?[36m那麼?[0m?[36m所有正在處理的請求應該正常完成?[0m
  ?[36m而且?[0m?[36m系統應該在30秒內完成關閉?[0m
  ?[36m而且?[0m?[36m系統應該記錄關閉過程的詳細資訊?[0m
  ?[36m而且?[0m?[36m錯誤追蹤應該包含停機原因和時間?[0m
  ?[36m而且?[0m?[36m系統重啟後應該能恢復未完成的請求?[0m
  ?[36m而且?[0m?[36m稽核資料應該保持完整性?[0m
]]></system-out>
  <system-err><![CDATA[]]></system-err>
</testsuite>
