<?xml version="1.0" encoding="UTF-8"?>
<testsuite name="com.bank.promotion.strategy.FixedAmountStrategyTest" tests="10" skipped="0" failures="0" errors="0" timestamp="2025-11-05T14:16:39" hostname="RexdeMacBook-Pro.local" time="0.003">
  <properties/>
  <testcase name="shouldValidateParametersCorrectly()" classname="com.bank.promotion.strategy.FixedAmountStrategyTest" time="0.0"/>
  <testcase name="shouldCreatePromotionResultWithIneligibilityMessage()" classname="com.bank.promotion.strategy.FixedAmountStrategyTest" time="0.0"/>
  <testcase name="shouldReturnZeroWhenCustomerDoesNotMeetMinimumRequirement()" classname="com.bank.promotion.strategy.FixedAmountStrategyTest" time="0.0"/>
  <testcase name="shouldThrowExceptionForInvalidParameters()" classname="com.bank.promotion.strategy.FixedAmountStrategyTest" time="0.0"/>
  <testcase name="shouldUseDefaultMinPurchaseAmountWhenNotSpecified()" classname="com.bank.promotion.strategy.FixedAmountStrategyTest" time="0.0"/>
  <testcase name="shouldApplyMaxDiscountLimitWhenFixedAmountExceedsLimit()" classname="com.bank.promotion.strategy.FixedAmountStrategyTest" time="0.0"/>
  <testcase name="shouldCreatePromotionResultWithCorrectEligibility()" classname="com.bank.promotion.strategy.FixedAmountStrategyTest" time="0.0"/>
  <testcase name="shouldUseAnnualIncomeEstimateWhenNoTransactionHistory()" classname="com.bank.promotion.strategy.FixedAmountStrategyTest" time="0.0"/>
  <testcase name="shouldReturnCorrectStrategyType()" classname="com.bank.promotion.strategy.FixedAmountStrategyTest" time="0.001"/>
  <testcase name="shouldReturnFixedAmountWhenCustomerMeetsMinimumRequirement()" classname="com.bank.promotion.strategy.FixedAmountStrategyTest" time="0.0"/>
  <system-out><![CDATA[]]></system-out>
  <system-err><![CDATA[]]></system-err>
</testsuite>
