<?xml version="1.0" encoding="UTF-8"?>
<testsuite name="com.bank.promotion.application.query.handler.GetPromotionHistoryQueryHandlerTest" tests="3" skipped="0" failures="0" errors="0" timestamp="2025-11-05T14:35:54" hostname="RexdeMacBook-Pro.local" time="0.006">
  <properties/>
  <testcase name="shouldThrowExceptionWhenQueryIsNull()" classname="com.bank.promotion.application.query.handler.GetPromotionHistoryQueryHandlerTest" time="0.0"/>
  <testcase name="shouldReturnPromotionHistorySuccessfully()" classname="com.bank.promotion.application.query.handler.GetPromotionHistoryQueryHandlerTest" time="0.004"/>
  <testcase name="shouldReturnEmptyResultForSecondPage()" classname="com.bank.promotion.application.query.handler.GetPromotionHistoryQueryHandlerTest" time="0.0"/>
  <system-out><![CDATA[]]></system-out>
  <system-err><![CDATA[]]></system-err>
</testsuite>
