<?xml version="1.0" encoding="UTF-8"?>
<testsuite name="com.bank.promotion.strategy.PercentageDiscountStrategyTest" tests="7" skipped="0" failures="0" errors="0" timestamp="2025-11-05T14:16:39" hostname="RexdeMacBook-Pro.local" time="0.002">
  <properties/>
  <testcase name="shouldValidateParametersCorrectly()" classname="com.bank.promotion.strategy.PercentageDiscountStrategyTest" time="0.0"/>
  <testcase name="shouldUseCustomerAnnualIncomeAsDefaultBaseAmount()" classname="com.bank.promotion.strategy.PercentageDiscountStrategyTest" time="0.001"/>
  <testcase name="shouldCalculatePercentageDiscountCorrectly()" classname="com.bank.promotion.strategy.PercentageDiscountStrategyTest" time="0.0"/>
  <testcase name="shouldThrowExceptionForInvalidParameters()" classname="com.bank.promotion.strategy.PercentageDiscountStrategyTest" time="0.0"/>
  <testcase name="shouldCreatePromotionResultWithCorrectDetails()" classname="com.bank.promotion.strategy.PercentageDiscountStrategyTest" time="0.001"/>
  <testcase name="shouldHandleDifferentNumberTypes()" classname="com.bank.promotion.strategy.PercentageDiscountStrategyTest" time="0.0"/>
  <testcase name="shouldReturnCorrectStrategyType()" classname="com.bank.promotion.strategy.PercentageDiscountStrategyTest" time="0.0"/>
  <system-out><![CDATA[]]></system-out>
  <system-err><![CDATA[]]></system-err>
</testsuite>
