<?xml version="1.0" encoding="UTF-8"?>
<testsuite name="com.bank.promotion.application.service.PromotionApplicationServiceTest" tests="6" skipped="0" failures="0" errors="0" timestamp="2025-11-05T14:35:54" hostname="RexdeMacBook-Pro.local" time="0.161">
  <properties/>
  <testcase name="shouldThrowExceptionWhenCommandIsNull()" classname="com.bank.promotion.application.service.PromotionApplicationServiceTest" time="0.117"/>
  <testcase name="shouldGetAvailablePromotionsSuccessfully()" classname="com.bank.promotion.application.service.PromotionApplicationServiceTest" time="0.021"/>
  <testcase name="shouldEvaluatePromotionWithAuditTrail()" classname="com.bank.promotion.application.service.PromotionApplicationServiceTest" time="0.005"/>
  <testcase name="shouldGetPromotionHistorySuccessfully()" classname="com.bank.promotion.application.service.PromotionApplicationServiceTest" time="0.003"/>
  <testcase name="shouldCreateDecisionTreeSuccessfully()" classname="com.bank.promotion.application.service.PromotionApplicationServiceTest" time="0.003"/>
  <testcase name="shouldHandleEvaluationErrorWithAuditTrail()" classname="com.bank.promotion.application.service.PromotionApplicationServiceTest" time="0.008"/>
  <system-out><![CDATA[]]></system-out>
  <system-err><![CDATA[]]></system-err>
</testsuite>
