<?xml version="1.0" encoding="UTF-8"?>
<testsuite name="com.bank.promotion.application.service.audit.AuditServiceTest" tests="7" skipped="0" failures="0" errors="0" timestamp="2025-11-05T14:35:54" hostname="RexdeMacBook-Pro.local" time="0.012">
  <properties/>
  <testcase name="shouldRecordExternalSystemCallSuccessfully()" classname="com.bank.promotion.application.service.audit.AuditServiceTest" time="0.005"/>
  <testcase name="shouldRecordPromotionEvaluationSuccessfully()" classname="com.bank.promotion.application.service.audit.AuditServiceTest" time="0.001"/>
  <testcase name="shouldThrowExceptionForInvalidParameters()" classname="com.bank.promotion.application.service.audit.AuditServiceTest" time="0.001"/>
  <testcase name="shouldCleanupExpiredAuditDataSuccessfully()" classname="com.bank.promotion.application.service.audit.AuditServiceTest" time="0.001"/>
  <testcase name="shouldRecordDatabaseQuerySuccessfully()" classname="com.bank.promotion.application.service.audit.AuditServiceTest" time="0.0"/>
  <testcase name="shouldGetCustomerAuditTrailsSuccessfully()" classname="com.bank.promotion.application.service.audit.AuditServiceTest" time="0.001"/>
  <testcase name="shouldRecordDecisionStepSuccessfully()" classname="com.bank.promotion.application.service.audit.AuditServiceTest" time="0.001"/>
  <system-out><![CDATA[]]></system-out>
  <system-err><![CDATA[]]></system-err>
</testsuite>
