<?xml version="1.0" encoding="UTF-8"?>
<testsuite name="com.bank.promotion.application.command.handler.CreateDecisionTreeCommandHandlerTest" tests="3" skipped="0" failures="0" errors="0" timestamp="2025-11-05T14:35:54" hostname="RexdeMacBook-Pro.local" time="0.538">
  <properties/>
  <testcase name="shouldThrowExceptionWhenCommandIsNull()" classname="com.bank.promotion.application.command.handler.CreateDecisionTreeCommandHandlerTest" time="0.532"/>
  <testcase name="shouldHandleExceptionDuringCreation()" classname="com.bank.promotion.application.command.handler.CreateDecisionTreeCommandHandlerTest" time="0.001"/>
  <testcase name="shouldCreateDecisionTreeSuccessfully()" classname="com.bank.promotion.application.command.handler.CreateDecisionTreeCommandHandlerTest" time="0.004"/>
  <system-out><![CDATA[]]></system-out>
  <system-err><![CDATA[]]></system-err>
</testsuite>
