<?xml version="1.0" encoding="UTF-8"?>
<testsuite name="com.bank.promotion.application.command.handler.EvaluatePromotionCommandHandlerTest" tests="2" skipped="0" failures="0" errors="0" timestamp="2025-11-05T14:35:54" hostname="RexdeMacBook-Pro.local" time="0.003">
  <properties/>
  <testcase name="shouldThrowExceptionWhenCommandIsNull()" classname="com.bank.promotion.application.command.handler.EvaluatePromotionCommandHandlerTest" time="0.001"/>
  <testcase name="shouldEvaluatePromotionSuccessfully()" classname="com.bank.promotion.application.command.handler.EvaluatePromotionCommandHandlerTest" time="0.002"/>
  <system-out><![CDATA[]]></system-out>
  <system-err><![CDATA[]]></system-err>
</testsuite>
