<?xml version="1.0" encoding="UTF-8"?>
<testsuite name="com.bank.promotion.strategy.CalculationStrategyFactoryTest" tests="17" skipped="0" failures="0" errors="0" timestamp="2025-11-05T14:16:39" hostname="RexdeMacBook-Pro.local" time="0.015">
  <properties/>
  <testcase name="shouldThrowExceptionForNullStrategyType()" classname="com.bank.promotion.strategy.CalculationStrategyFactoryTest" time="0.005"/>
  <testcase name="shouldThrowExceptionWhenRegisteringDuplicateStrategy()" classname="com.bank.promotion.strategy.CalculationStrategyFactoryTest" time="0.0"/>
  <testcase name="shouldReturnTrueForSupportedStrategyTypes()" classname="com.bank.promotion.strategy.CalculationStrategyFactoryTest" time="0.001"/>
  <testcase name="shouldClearAllStrategies()" classname="com.bank.promotion.strategy.CalculationStrategyFactoryTest" time="0.004"/>
  <testcase name="shouldReturnFalseForUnsupportedStrategyTypes()" classname="com.bank.promotion.strategy.CalculationStrategyFactoryTest" time="0.0"/>
  <testcase name="shouldRemoveStrategy()" classname="com.bank.promotion.strategy.CalculationStrategyFactoryTest" time="0.0"/>
  <testcase name="shouldReturnAllSupportedStrategyTypes()" classname="com.bank.promotion.strategy.CalculationStrategyFactoryTest" time="0.0"/>
  <testcase name="shouldThrowExceptionForUnknownStrategyType()" classname="com.bank.promotion.strategy.CalculationStrategyFactoryTest" time="0.0"/>
  <testcase name="shouldRegisterNewStrategy()" classname="com.bank.promotion.strategy.CalculationStrategyFactoryTest" time="0.001"/>
  <testcase name="shouldReinitializeDefaultStrategies()" classname="com.bank.promotion.strategy.CalculationStrategyFactoryTest" time="0.0"/>
  <testcase name="shouldReturnFixedAmountStrategy()" classname="com.bank.promotion.strategy.CalculationStrategyFactoryTest" time="0.0"/>
  <testcase name="shouldReturnFalseWhenRemovingNonExistentStrategy()" classname="com.bank.promotion.strategy.CalculationStrategyFactoryTest" time="0.0"/>
  <testcase name="shouldThrowExceptionForEmptyStrategyType()" classname="com.bank.promotion.strategy.CalculationStrategyFactoryTest" time="0.0"/>
  <testcase name="shouldReturnPercentageDiscountStrategy()" classname="com.bank.promotion.strategy.CalculationStrategyFactoryTest" time="0.0"/>
  <testcase name="shouldThrowExceptionWhenRegisteringNullStrategy()" classname="com.bank.promotion.strategy.CalculationStrategyFactoryTest" time="0.0"/>
  <testcase name="shouldBeCaseInsensitive()" classname="com.bank.promotion.strategy.CalculationStrategyFactoryTest" time="0.001"/>
  <testcase name="shouldReturnTieredDiscountStrategy()" classname="com.bank.promotion.strategy.CalculationStrategyFactoryTest" time="0.0"/>
  <system-out><![CDATA[]]></system-out>
  <system-err><![CDATA[]]></system-err>
</testsuite>
